2019-06-08 19:39:59.035 [main] ERROR MultiUseDriverLifecycle - Failed to tear down browser after test method.
2019-06-08 19:39:59.051 [main] DEBUG MultiUseDriverLifecycle - Failed to tear down browser after test method.
java.lang.Exception: 
	at sun.reflect.NativeConstructorAccessorImpl.newInstance0(Native Method) ~[?:1.8.0_211]
	at sun.reflect.NativeConstructorAccessorImpl.newInstance(NativeConstructorAccessorImpl.java:62) ~[?:1.8.0_211]
	at sun.reflect.DelegatingConstructorAccessorImpl.newInstance(DelegatingConstructorAccessorImpl.java:45) ~[?:1.8.0_211]
	at java.lang.reflect.Constructor.newInstance(Constructor.java:423) ~[?:1.8.0_211]
	at org.codehaus.groovy.reflection.CachedConstructor.invoke(CachedConstructor.java:83) ~[groovy-2.5.5.jar:2.5.5]
	at org.codehaus.groovy.runtime.callsite.ConstructorSite$ConstructorSiteNoUnwrapNoCoerce.callConstructor(ConstructorSite.java:105) ~[groovy-2.5.5.jar:2.5.5]
	at org.codehaus.groovy.runtime.callsite.CallSiteArray.defaultCallConstructor(CallSiteArray.java:59) ~[groovy-2.5.5.jar:2.5.5]
	at org.codehaus.groovy.runtime.callsite.AbstractCallSite.callConstructor(AbstractCallSite.java:237) ~[groovy-2.5.5.jar:2.5.5]
	at org.codehaus.groovy.runtime.callsite.AbstractCallSite.callConstructor(AbstractCallSite.java:249) ~[groovy-2.5.5.jar:2.5.5]
	at com.frameworkium.core.ui.driver.lifecycle.MultiUseDriverLifecycleSpec$__spock_feature_0_1_closure4.doCall(MultiUseDriverLifecycleSpec.groovy:47) ~[test-classes/:?]
	at sun.reflect.NativeMethodAccessorImpl.invoke0(Native Method) ~[?:1.8.0_211]
	at sun.reflect.NativeMethodAccessorImpl.invoke(NativeMethodAccessorImpl.java:62) ~[?:1.8.0_211]
	at sun.reflect.DelegatingMethodAccessorImpl.invoke(DelegatingMethodAccessorImpl.java:43) ~[?:1.8.0_211]
	at java.lang.reflect.Method.invoke(Method.java:498) ~[?:1.8.0_211]
	at org.codehaus.groovy.reflection.CachedMethod.invoke(CachedMethod.java:104) ~[groovy-2.5.5.jar:2.5.5]
	at groovy.lang.MetaMethod.doMethodInvoke(MetaMethod.java:326) ~[groovy-2.5.5.jar:2.5.5]
	at org.codehaus.groovy.runtime.metaclass.ClosureMetaClass.invokeMethod(ClosureMetaClass.java:264) ~[groovy-2.5.5.jar:2.5.5]
	at groovy.lang.MetaClassImpl.invokeMethod(MetaClassImpl.java:1041) ~[groovy-2.5.5.jar:2.5.5]
	at groovy.lang.Closure.call(Closure.java:411) ~[groovy-2.5.5.jar:2.5.5]
	at org.spockframework.runtime.GroovyRuntimeUtil.invokeClosure(GroovyRuntimeUtil.java:201) ~[spock-core-1.2-groovy-2.5.jar:1.2]
	at org.spockframework.mock.response.CodeResponseGenerator.invokeClosure(CodeResponseGenerator.java:54) ~[spock-core-1.2-groovy-2.5.jar:1.2]
	at org.spockframework.mock.response.CodeResponseGenerator.doRespond(CodeResponseGenerator.java:37) ~[spock-core-1.2-groovy-2.5.jar:1.2]
	at org.spockframework.mock.response.SingleResponseGenerator.respond(SingleResponseGenerator.java:32) ~[spock-core-1.2-groovy-2.5.jar:1.2]
	at org.spockframework.mock.response.ResponseGeneratorChain.respond(ResponseGeneratorChain.java:44) ~[spock-core-1.2-groovy-2.5.jar:1.2]
	at org.spockframework.mock.runtime.MockInteraction.accept(MockInteraction.java:72) ~[spock-core-1.2-groovy-2.5.jar:1.2]
	at org.spockframework.mock.runtime.MockInteractionDecorator.accept(MockInteractionDecorator.java:50) ~[spock-core-1.2-groovy-2.5.jar:1.2]
	at org.spockframework.mock.runtime.InteractionScope$1.accept(InteractionScope.java:51) ~[spock-core-1.2-groovy-2.5.jar:1.2]
	at org.spockframework.mock.runtime.MockController.handle(MockController.java:40) ~[spock-core-1.2-groovy-2.5.jar:1.2]
	at org.spockframework.mock.runtime.JavaMockInterceptor.intercept(JavaMockInterceptor.java:72) ~[spock-core-1.2-groovy-2.5.jar:1.2]
	at org.spockframework.mock.runtime.ByteBuddyInterceptorAdapter.interceptNonAbstract(ByteBuddyInterceptorAdapter.java:35) ~[spock-core-1.2-groovy-2.5.jar:1.2]
	at org.openqa.selenium.support.events.EventFiringWebDriver$SpockMock$1166583341.manage(Unknown Source) ~[?:?]
	at com.frameworkium.core.ui.driver.lifecycle.MultiUseDriverLifecycle.tearDownDriver(MultiUseDriverLifecycle.java:74) [classes/:?]
	at com.frameworkium.core.ui.driver.lifecycle.DriverLifecycle$tearDownDriver.call(Unknown Source) [classes/:?]
	at org.codehaus.groovy.runtime.callsite.CallSiteArray.defaultCall(CallSiteArray.java:47) [groovy-2.5.5.jar:2.5.5]
	at org.codehaus.groovy.runtime.callsite.AbstractCallSite.call(AbstractCallSite.java:115) [groovy-2.5.5.jar:2.5.5]
	at org.codehaus.groovy.runtime.callsite.AbstractCallSite.call(AbstractCallSite.java:119) [groovy-2.5.5.jar:2.5.5]
	at com.frameworkium.core.ui.driver.lifecycle.MultiUseDriverLifecycleSpec.$spock_feature_0_1(MultiUseDriverLifecycleSpec.groovy:45) [test-classes/:?]
	at sun.reflect.NativeMethodAccessorImpl.invoke0(Native Method) ~[?:1.8.0_211]
	at sun.reflect.NativeMethodAccessorImpl.invoke(NativeMethodAccessorImpl.java:62) ~[?:1.8.0_211]
	at sun.reflect.DelegatingMethodAccessorImpl.invoke(DelegatingMethodAccessorImpl.java:43) ~[?:1.8.0_211]
	at java.lang.reflect.Method.invoke(Method.java:498) ~[?:1.8.0_211]
	at org.spockframework.util.ReflectionUtil.invokeMethod(ReflectionUtil.java:200) [spock-core-1.2-groovy-2.5.jar:1.2]
	at org.spockframework.runtime.model.MethodInfo.invoke(MethodInfo.java:113) [spock-core-1.2-groovy-2.5.jar:1.2]
	at org.spockframework.runtime.BaseSpecRunner.invokeRaw(BaseSpecRunner.java:484) [spock-core-1.2-groovy-2.5.jar:1.2]
	at org.spockframework.runtime.BaseSpecRunner.invoke(BaseSpecRunner.java:467) [spock-core-1.2-groovy-2.5.jar:1.2]
	at org.spockframework.runtime.BaseSpecRunner.runFeatureMethod(BaseSpecRunner.java:408) [spock-core-1.2-groovy-2.5.jar:1.2]
	at org.spockframework.runtime.BaseSpecRunner.doRunIteration(BaseSpecRunner.java:322) [spock-core-1.2-groovy-2.5.jar:1.2]
	at org.spockframework.runtime.BaseSpecRunner$6.invoke(BaseSpecRunner.java:306) [spock-core-1.2-groovy-2.5.jar:1.2]
	at org.spockframework.runtime.BaseSpecRunner.invokeRaw(BaseSpecRunner.java:484) [spock-core-1.2-groovy-2.5.jar:1.2]
	at org.spockframework.runtime.BaseSpecRunner.invoke(BaseSpecRunner.java:467) [spock-core-1.2-groovy-2.5.jar:1.2]
	at org.spockframework.runtime.BaseSpecRunner.runIteration(BaseSpecRunner.java:285) [spock-core-1.2-groovy-2.5.jar:1.2]
	at org.spockframework.runtime.BaseSpecRunner.initializeAndRunIteration(BaseSpecRunner.java:275) [spock-core-1.2-groovy-2.5.jar:1.2]
	at org.spockframework.runtime.BaseSpecRunner.runSimpleFeature(BaseSpecRunner.java:266) [spock-core-1.2-groovy-2.5.jar:1.2]
	at org.spockframework.runtime.BaseSpecRunner.doRunFeature(BaseSpecRunner.java:260) [spock-core-1.2-groovy-2.5.jar:1.2]
	at org.spockframework.runtime.BaseSpecRunner$5.invoke(BaseSpecRunner.java:243) [spock-core-1.2-groovy-2.5.jar:1.2]
	at org.spockframework.runtime.BaseSpecRunner.invokeRaw(BaseSpecRunner.java:484) [spock-core-1.2-groovy-2.5.jar:1.2]
	at org.spockframework.runtime.BaseSpecRunner.invoke(BaseSpecRunner.java:467) [spock-core-1.2-groovy-2.5.jar:1.2]
	at org.spockframework.runtime.BaseSpecRunner.runFeature(BaseSpecRunner.java:235) [spock-core-1.2-groovy-2.5.jar:1.2]
	at org.spockframework.runtime.BaseSpecRunner.runFeatures(BaseSpecRunner.java:185) [spock-core-1.2-groovy-2.5.jar:1.2]
	at org.spockframework.runtime.BaseSpecRunner.doRunSpec(BaseSpecRunner.java:95) [spock-core-1.2-groovy-2.5.jar:1.2]
	at org.spockframework.runtime.BaseSpecRunner$1.invoke(BaseSpecRunner.java:81) [spock-core-1.2-groovy-2.5.jar:1.2]
	at org.spockframework.runtime.BaseSpecRunner.invokeRaw(BaseSpecRunner.java:484) [spock-core-1.2-groovy-2.5.jar:1.2]
	at org.spockframework.runtime.BaseSpecRunner.invoke(BaseSpecRunner.java:467) [spock-core-1.2-groovy-2.5.jar:1.2]
	at org.spockframework.runtime.BaseSpecRunner.runSpec(BaseSpecRunner.java:73) [spock-core-1.2-groovy-2.5.jar:1.2]
	at org.spockframework.runtime.BaseSpecRunner.run(BaseSpecRunner.java:64) [spock-core-1.2-groovy-2.5.jar:1.2]
	at org.spockframework.runtime.Sputnik.run(Sputnik.java:63) [spock-core-1.2-groovy-2.5.jar:1.2]
	at org.junit.runners.Suite.runChild(Suite.java:128) [junit-4.12.jar:4.12]
	at org.junit.runners.Suite.runChild(Suite.java:27) [junit-4.12.jar:4.12]
	at org.junit.runners.ParentRunner$3.run(ParentRunner.java:290) [junit-4.12.jar:4.12]
	at org.junit.runners.ParentRunner$1.schedule(ParentRunner.java:71) [junit-4.12.jar:4.12]
	at org.junit.runners.ParentRunner.runChildren(ParentRunner.java:288) [junit-4.12.jar:4.12]
	at org.junit.runners.ParentRunner.access$000(ParentRunner.java:58) [junit-4.12.jar:4.12]
	at org.junit.runners.ParentRunner$2.evaluate(ParentRunner.java:268) [junit-4.12.jar:4.12]
	at org.junit.runners.ParentRunner.run(ParentRunner.java:363) [junit-4.12.jar:4.12]
	at org.apache.maven.surefire.junitcore.JUnitCore.run(JUnitCore.java:55) [surefire-junit47-2.22.0.jar:2.22.0]
	at org.apache.maven.surefire.junitcore.JUnitCoreWrapper.createRequestAndRun(JUnitCoreWrapper.java:137) [surefire-junit47-2.22.0.jar:2.22.0]
	at org.apache.maven.surefire.junitcore.JUnitCoreWrapper.executeEager(JUnitCoreWrapper.java:107) [surefire-junit47-2.22.0.jar:2.22.0]
	at org.apache.maven.surefire.junitcore.JUnitCoreWrapper.execute(JUnitCoreWrapper.java:83) [surefire-junit47-2.22.0.jar:2.22.0]
	at org.apache.maven.surefire.junitcore.JUnitCoreWrapper.execute(JUnitCoreWrapper.java:75) [surefire-junit47-2.22.0.jar:2.22.0]
	at org.apache.maven.surefire.junitcore.JUnitCoreProvider.invoke(JUnitCoreProvider.java:158) [surefire-junit47-2.22.0.jar:2.22.0]
	at org.apache.maven.surefire.booter.ForkedBooter.invokeProviderInSameClassLoader(ForkedBooter.java:383) [surefire-booter-2.22.0.jar:2.22.0]
	at org.apache.maven.surefire.booter.ForkedBooter.runSuitesInProcess(ForkedBooter.java:344) [surefire-booter-2.22.0.jar:2.22.0]
	at org.apache.maven.surefire.booter.ForkedBooter.execute(ForkedBooter.java:125) [surefire-booter-2.22.0.jar:2.22.0]
	at org.apache.maven.surefire.booter.ForkedBooter.main(ForkedBooter.java:417) [surefire-booter-2.22.0.jar:2.22.0]
2019-06-08 19:39:59.098 [main] ERROR MultiUseDriverLifecycle - Failed to quit a browser in the pool.
2019-06-08 19:39:59.099 [main] DEBUG MultiUseDriverLifecycle - Failed to quit a browser in the pool.
org.codehaus.groovy.runtime.typehandling.GroovyCastException: Cannot cast object 'com.frameworkium.core.ui.driver.lifecycle.MultiUseDriverLifecycleSpec$__spock_feature_0_2_closure6@53e36530' with class 'com.frameworkium.core.ui.driver.lifecycle.MultiUseDriverLifecycleSpec$__spock_feature_0_2_closure6' to class 'void'
	at org.codehaus.groovy.runtime.typehandling.DefaultTypeTransformation.castToPrimitive(DefaultTypeTransformation.java:356) ~[groovy-2.5.5.jar:2.5.5]
	at org.codehaus.groovy.runtime.typehandling.DefaultTypeTransformation.castToType(DefaultTypeTransformation.java:239) ~[groovy-2.5.5.jar:2.5.5]
	at org.spockframework.runtime.GroovyRuntimeUtil.coerce(GroovyRuntimeUtil.java:46) ~[spock-core-1.2-groovy-2.5.jar:1.2]
	at org.spockframework.mock.response.IterableResponseGenerator.respond(IterableResponseGenerator.java:46) ~[spock-core-1.2-groovy-2.5.jar:1.2]
	at org.spockframework.mock.response.ResponseGeneratorChain.respond(ResponseGeneratorChain.java:44) ~[spock-core-1.2-groovy-2.5.jar:1.2]
	at org.spockframework.mock.runtime.MockInteraction.accept(MockInteraction.java:72) ~[spock-core-1.2-groovy-2.5.jar:1.2]
	at org.spockframework.mock.runtime.MockInteractionDecorator.accept(MockInteractionDecorator.java:50) ~[spock-core-1.2-groovy-2.5.jar:1.2]
	at org.spockframework.mock.runtime.InteractionScope$1.accept(InteractionScope.java:51) ~[spock-core-1.2-groovy-2.5.jar:1.2]
	at org.spockframework.mock.runtime.MockController.handle(MockController.java:40) ~[spock-core-1.2-groovy-2.5.jar:1.2]
	at org.spockframework.mock.runtime.JavaMockInterceptor.intercept(JavaMockInterceptor.java:72) ~[spock-core-1.2-groovy-2.5.jar:1.2]
	at org.spockframework.mock.runtime.ByteBuddyInterceptorAdapter.interceptNonAbstract(ByteBuddyInterceptorAdapter.java:35) ~[spock-core-1.2-groovy-2.5.jar:1.2]
	at org.openqa.selenium.support.events.EventFiringWebDriver$SpockMock$1166583341.quit(Unknown Source) ~[?:?]
	at com.frameworkium.core.ui.driver.lifecycle.MultiUseDriverLifecycle.lambda$2(MultiUseDriverLifecycle.java:98) ~[classes/:?]
	at java.util.stream.ForEachOps$ForEachOp$OfRef.accept(ForEachOps.java:184) [?:1.8.0_211]
	at java.util.concurrent.LinkedBlockingDeque$LBDSpliterator.forEachRemaining(LinkedBlockingDeque.java:1225) [?:1.8.0_211]
	at java.util.stream.AbstractPipeline.copyInto(AbstractPipeline.java:481) [?:1.8.0_211]
	at java.util.stream.ForEachOps$ForEachTask.compute(ForEachOps.java:291) [?:1.8.0_211]
	at java.util.concurrent.CountedCompleter.exec(CountedCompleter.java:731) [?:1.8.0_211]
	at java.util.concurrent.ForkJoinTask.doExec(ForkJoinTask.java:289) [?:1.8.0_211]
	at java.util.concurrent.ForkJoinTask.doInvoke(ForkJoinTask.java:401) [?:1.8.0_211]
	at java.util.concurrent.ForkJoinTask.invoke(ForkJoinTask.java:734) [?:1.8.0_211]
	at java.util.stream.ForEachOps$ForEachOp.evaluateParallel(ForEachOps.java:160) [?:1.8.0_211]
	at java.util.stream.ForEachOps$ForEachOp$OfRef.evaluateParallel(ForEachOps.java:174) [?:1.8.0_211]
	at java.util.stream.AbstractPipeline.evaluate(AbstractPipeline.java:233) [?:1.8.0_211]
	at java.util.stream.ReferencePipeline.forEach(ReferencePipeline.java:418) [?:1.8.0_211]
	at java.util.stream.ReferencePipeline$Head.forEach(ReferencePipeline.java:583) [?:1.8.0_211]
	at com.frameworkium.core.ui.driver.lifecycle.MultiUseDriverLifecycle.tearDownDriverPool(MultiUseDriverLifecycle.java:96) [classes/:?]
	at com.frameworkium.core.ui.driver.lifecycle.DriverLifecycle$tearDownDriverPool$0.call(Unknown Source) [classes/:?]
	at org.codehaus.groovy.runtime.callsite.CallSiteArray.defaultCall(CallSiteArray.java:47) [groovy-2.5.5.jar:2.5.5]
	at org.codehaus.groovy.runtime.callsite.AbstractCallSite.call(AbstractCallSite.java:115) [groovy-2.5.5.jar:2.5.5]
	at org.codehaus.groovy.runtime.callsite.AbstractCallSite.call(AbstractCallSite.java:119) [groovy-2.5.5.jar:2.5.5]
	at com.frameworkium.core.ui.driver.lifecycle.MultiUseDriverLifecycleSpec.$spock_feature_0_2(MultiUseDriverLifecycleSpec.groovy:56) [test-classes/:?]
	at sun.reflect.NativeMethodAccessorImpl.invoke0(Native Method) ~[?:1.8.0_211]
	at sun.reflect.NativeMethodAccessorImpl.invoke(NativeMethodAccessorImpl.java:62) ~[?:1.8.0_211]
	at sun.reflect.DelegatingMethodAccessorImpl.invoke(DelegatingMethodAccessorImpl.java:43) ~[?:1.8.0_211]
	at java.lang.reflect.Method.invoke(Method.java:498) ~[?:1.8.0_211]
	at org.spockframework.util.ReflectionUtil.invokeMethod(ReflectionUtil.java:200) [spock-core-1.2-groovy-2.5.jar:1.2]
	at org.spockframework.runtime.model.MethodInfo.invoke(MethodInfo.java:113) [spock-core-1.2-groovy-2.5.jar:1.2]
	at org.spockframework.runtime.BaseSpecRunner.invokeRaw(BaseSpecRunner.java:484) [spock-core-1.2-groovy-2.5.jar:1.2]
	at org.spockframework.runtime.BaseSpecRunner.invoke(BaseSpecRunner.java:467) [spock-core-1.2-groovy-2.5.jar:1.2]
	at org.spockframework.runtime.BaseSpecRunner.runFeatureMethod(BaseSpecRunner.java:408) [spock-core-1.2-groovy-2.5.jar:1.2]
	at org.spockframework.runtime.BaseSpecRunner.doRunIteration(BaseSpecRunner.java:322) [spock-core-1.2-groovy-2.5.jar:1.2]
	at org.spockframework.runtime.BaseSpecRunner$6.invoke(BaseSpecRunner.java:306) [spock-core-1.2-groovy-2.5.jar:1.2]
	at org.spockframework.runtime.BaseSpecRunner.invokeRaw(BaseSpecRunner.java:484) [spock-core-1.2-groovy-2.5.jar:1.2]
	at org.spockframework.runtime.BaseSpecRunner.invoke(BaseSpecRunner.java:467) [spock-core-1.2-groovy-2.5.jar:1.2]
	at org.spockframework.runtime.BaseSpecRunner.runIteration(BaseSpecRunner.java:285) [spock-core-1.2-groovy-2.5.jar:1.2]
	at org.spockframework.runtime.BaseSpecRunner.initializeAndRunIteration(BaseSpecRunner.java:275) [spock-core-1.2-groovy-2.5.jar:1.2]
	at org.spockframework.runtime.BaseSpecRunner.runSimpleFeature(BaseSpecRunner.java:266) [spock-core-1.2-groovy-2.5.jar:1.2]
	at org.spockframework.runtime.BaseSpecRunner.doRunFeature(BaseSpecRunner.java:260) [spock-core-1.2-groovy-2.5.jar:1.2]
	at org.spockframework.runtime.BaseSpecRunner$5.invoke(BaseSpecRunner.java:243) [spock-core-1.2-groovy-2.5.jar:1.2]
	at org.spockframework.runtime.BaseSpecRunner.invokeRaw(BaseSpecRunner.java:484) [spock-core-1.2-groovy-2.5.jar:1.2]
	at org.spockframework.runtime.BaseSpecRunner.invoke(BaseSpecRunner.java:467) [spock-core-1.2-groovy-2.5.jar:1.2]
	at org.spockframework.runtime.BaseSpecRunner.runFeature(BaseSpecRunner.java:235) [spock-core-1.2-groovy-2.5.jar:1.2]
	at org.spockframework.runtime.BaseSpecRunner.runFeatures(BaseSpecRunner.java:185) [spock-core-1.2-groovy-2.5.jar:1.2]
	at org.spockframework.runtime.BaseSpecRunner.doRunSpec(BaseSpecRunner.java:95) [spock-core-1.2-groovy-2.5.jar:1.2]
	at org.spockframework.runtime.BaseSpecRunner$1.invoke(BaseSpecRunner.java:81) [spock-core-1.2-groovy-2.5.jar:1.2]
	at org.spockframework.runtime.BaseSpecRunner.invokeRaw(BaseSpecRunner.java:484) [spock-core-1.2-groovy-2.5.jar:1.2]
	at org.spockframework.runtime.BaseSpecRunner.invoke(BaseSpecRunner.java:467) [spock-core-1.2-groovy-2.5.jar:1.2]
	at org.spockframework.runtime.BaseSpecRunner.runSpec(BaseSpecRunner.java:73) [spock-core-1.2-groovy-2.5.jar:1.2]
	at org.spockframework.runtime.BaseSpecRunner.run(BaseSpecRunner.java:64) [spock-core-1.2-groovy-2.5.jar:1.2]
	at org.spockframework.runtime.Sputnik.run(Sputnik.java:63) [spock-core-1.2-groovy-2.5.jar:1.2]
	at org.junit.runners.Suite.runChild(Suite.java:128) [junit-4.12.jar:4.12]
	at org.junit.runners.Suite.runChild(Suite.java:27) [junit-4.12.jar:4.12]
	at org.junit.runners.ParentRunner$3.run(ParentRunner.java:290) [junit-4.12.jar:4.12]
	at org.junit.runners.ParentRunner$1.schedule(ParentRunner.java:71) [junit-4.12.jar:4.12]
	at org.junit.runners.ParentRunner.runChildren(ParentRunner.java:288) [junit-4.12.jar:4.12]
	at org.junit.runners.ParentRunner.access$000(ParentRunner.java:58) [junit-4.12.jar:4.12]
	at org.junit.runners.ParentRunner$2.evaluate(ParentRunner.java:268) [junit-4.12.jar:4.12]
	at org.junit.runners.ParentRunner.run(ParentRunner.java:363) [junit-4.12.jar:4.12]
	at org.apache.maven.surefire.junitcore.JUnitCore.run(JUnitCore.java:55) [surefire-junit47-2.22.0.jar:2.22.0]
	at org.apache.maven.surefire.junitcore.JUnitCoreWrapper.createRequestAndRun(JUnitCoreWrapper.java:137) [surefire-junit47-2.22.0.jar:2.22.0]
	at org.apache.maven.surefire.junitcore.JUnitCoreWrapper.executeEager(JUnitCoreWrapper.java:107) [surefire-junit47-2.22.0.jar:2.22.0]
	at org.apache.maven.surefire.junitcore.JUnitCoreWrapper.execute(JUnitCoreWrapper.java:83) [surefire-junit47-2.22.0.jar:2.22.0]
	at org.apache.maven.surefire.junitcore.JUnitCoreWrapper.execute(JUnitCoreWrapper.java:75) [surefire-junit47-2.22.0.jar:2.22.0]
	at org.apache.maven.surefire.junitcore.JUnitCoreProvider.invoke(JUnitCoreProvider.java:158) [surefire-junit47-2.22.0.jar:2.22.0]
	at org.apache.maven.surefire.booter.ForkedBooter.invokeProviderInSameClassLoader(ForkedBooter.java:383) [surefire-booter-2.22.0.jar:2.22.0]
	at org.apache.maven.surefire.booter.ForkedBooter.runSuitesInProcess(ForkedBooter.java:344) [surefire-booter-2.22.0.jar:2.22.0]
	at org.apache.maven.surefire.booter.ForkedBooter.execute(ForkedBooter.java:125) [surefire-booter-2.22.0.jar:2.22.0]
	at org.apache.maven.surefire.booter.ForkedBooter.main(ForkedBooter.java:417) [surefire-booter-2.22.0.jar:2.22.0]
2019-06-08 19:39:59.199 [main] ERROR SingleUseDriverLifecycle - Failed to quit browser.
2019-06-08 19:39:59.199 [main] DEBUG SingleUseDriverLifecycle - Failed to quit browser
java.lang.Exception: 
	at sun.reflect.NativeConstructorAccessorImpl.newInstance0(Native Method) ~[?:1.8.0_211]
	at sun.reflect.NativeConstructorAccessorImpl.newInstance(NativeConstructorAccessorImpl.java:62) ~[?:1.8.0_211]
	at sun.reflect.DelegatingConstructorAccessorImpl.newInstance(DelegatingConstructorAccessorImpl.java:45) ~[?:1.8.0_211]
	at java.lang.reflect.Constructor.newInstance(Constructor.java:423) ~[?:1.8.0_211]
	at org.codehaus.groovy.reflection.CachedConstructor.invoke(CachedConstructor.java:83) ~[groovy-2.5.5.jar:2.5.5]
	at org.codehaus.groovy.runtime.callsite.ConstructorSite$ConstructorSiteNoUnwrapNoCoerce.callConstructor(ConstructorSite.java:105) ~[groovy-2.5.5.jar:2.5.5]
	at org.codehaus.groovy.runtime.callsite.CallSiteArray.defaultCallConstructor(CallSiteArray.java:59) ~[groovy-2.5.5.jar:2.5.5]
	at org.codehaus.groovy.runtime.callsite.AbstractCallSite.callConstructor(AbstractCallSite.java:237) ~[groovy-2.5.5.jar:2.5.5]
	at org.codehaus.groovy.runtime.callsite.AbstractCallSite.callConstructor(AbstractCallSite.java:249) ~[groovy-2.5.5.jar:2.5.5]
	at com.frameworkium.core.ui.driver.lifecycle.SingleUseDriverLifecycleSpec$__spock_feature_0_2_closure4.doCall(SingleUseDriverLifecycleSpec.groovy:51) ~[test-classes/:?]
	at sun.reflect.NativeMethodAccessorImpl.invoke0(Native Method) ~[?:1.8.0_211]
	at sun.reflect.NativeMethodAccessorImpl.invoke(NativeMethodAccessorImpl.java:62) ~[?:1.8.0_211]
	at sun.reflect.DelegatingMethodAccessorImpl.invoke(DelegatingMethodAccessorImpl.java:43) ~[?:1.8.0_211]
	at java.lang.reflect.Method.invoke(Method.java:498) ~[?:1.8.0_211]
	at org.codehaus.groovy.reflection.CachedMethod.invoke(CachedMethod.java:104) ~[groovy-2.5.5.jar:2.5.5]
	at groovy.lang.MetaMethod.doMethodInvoke(MetaMethod.java:326) ~[groovy-2.5.5.jar:2.5.5]
	at org.codehaus.groovy.runtime.metaclass.ClosureMetaClass.invokeMethod(ClosureMetaClass.java:264) ~[groovy-2.5.5.jar:2.5.5]
	at groovy.lang.MetaClassImpl.invokeMethod(MetaClassImpl.java:1041) ~[groovy-2.5.5.jar:2.5.5]
	at groovy.lang.Closure.call(Closure.java:411) ~[groovy-2.5.5.jar:2.5.5]
	at org.spockframework.runtime.GroovyRuntimeUtil.invokeClosure(GroovyRuntimeUtil.java:201) ~[spock-core-1.2-groovy-2.5.jar:1.2]
	at org.spockframework.mock.response.CodeResponseGenerator.invokeClosure(CodeResponseGenerator.java:54) ~[spock-core-1.2-groovy-2.5.jar:1.2]
	at org.spockframework.mock.response.CodeResponseGenerator.doRespond(CodeResponseGenerator.java:37) ~[spock-core-1.2-groovy-2.5.jar:1.2]
	at org.spockframework.mock.response.SingleResponseGenerator.respond(SingleResponseGenerator.java:32) ~[spock-core-1.2-groovy-2.5.jar:1.2]
	at org.spockframework.mock.response.ResponseGeneratorChain.respond(ResponseGeneratorChain.java:44) ~[spock-core-1.2-groovy-2.5.jar:1.2]
	at org.spockframework.mock.runtime.MockInteraction.accept(MockInteraction.java:72) ~[spock-core-1.2-groovy-2.5.jar:1.2]
	at org.spockframework.mock.runtime.MockInteractionDecorator.accept(MockInteractionDecorator.java:50) ~[spock-core-1.2-groovy-2.5.jar:1.2]
	at org.spockframework.mock.runtime.InteractionScope$1.accept(InteractionScope.java:51) ~[spock-core-1.2-groovy-2.5.jar:1.2]
	at org.spockframework.mock.runtime.MockController.handle(MockController.java:40) ~[spock-core-1.2-groovy-2.5.jar:1.2]
	at org.spockframework.mock.runtime.JavaMockInterceptor.intercept(JavaMockInterceptor.java:72) ~[spock-core-1.2-groovy-2.5.jar:1.2]
	at org.spockframework.mock.runtime.ByteBuddyInterceptorAdapter.interceptNonAbstract(ByteBuddyInterceptorAdapter.java:35) ~[spock-core-1.2-groovy-2.5.jar:1.2]
	at org.openqa.selenium.support.events.EventFiringWebDriver$SpockMock$1166583341.quit(Unknown Source) ~[?:?]
	at com.frameworkium.core.ui.driver.lifecycle.SingleUseDriverLifecycle.tearDownDriver(SingleUseDriverLifecycle.java:45) [classes/:?]
	at com.frameworkium.core.ui.driver.lifecycle.DriverLifecycle$tearDownDriver.call(Unknown Source) [classes/:?]
	at org.codehaus.groovy.runtime.callsite.CallSiteArray.defaultCall(CallSiteArray.java:47) [groovy-2.5.5.jar:2.5.5]
	at org.codehaus.groovy.runtime.callsite.AbstractCallSite.call(AbstractCallSite.java:115) [groovy-2.5.5.jar:2.5.5]
	at org.codehaus.groovy.runtime.callsite.AbstractCallSite.call(AbstractCallSite.java:119) [groovy-2.5.5.jar:2.5.5]
	at com.frameworkium.core.ui.driver.lifecycle.SingleUseDriverLifecycleSpec.$spock_feature_0_2(SingleUseDriverLifecycleSpec.groovy:49) [test-classes/:?]
	at sun.reflect.NativeMethodAccessorImpl.invoke0(Native Method) ~[?:1.8.0_211]
	at sun.reflect.NativeMethodAccessorImpl.invoke(NativeMethodAccessorImpl.java:62) ~[?:1.8.0_211]
	at sun.reflect.DelegatingMethodAccessorImpl.invoke(DelegatingMethodAccessorImpl.java:43) ~[?:1.8.0_211]
	at java.lang.reflect.Method.invoke(Method.java:498) ~[?:1.8.0_211]
	at org.spockframework.util.ReflectionUtil.invokeMethod(ReflectionUtil.java:200) [spock-core-1.2-groovy-2.5.jar:1.2]
	at org.spockframework.runtime.model.MethodInfo.invoke(MethodInfo.java:113) [spock-core-1.2-groovy-2.5.jar:1.2]
	at org.spockframework.runtime.BaseSpecRunner.invokeRaw(BaseSpecRunner.java:484) [spock-core-1.2-groovy-2.5.jar:1.2]
	at org.spockframework.runtime.BaseSpecRunner.invoke(BaseSpecRunner.java:467) [spock-core-1.2-groovy-2.5.jar:1.2]
	at org.spockframework.runtime.BaseSpecRunner.runFeatureMethod(BaseSpecRunner.java:408) [spock-core-1.2-groovy-2.5.jar:1.2]
	at org.spockframework.runtime.BaseSpecRunner.doRunIteration(BaseSpecRunner.java:322) [spock-core-1.2-groovy-2.5.jar:1.2]
	at org.spockframework.runtime.BaseSpecRunner$6.invoke(BaseSpecRunner.java:306) [spock-core-1.2-groovy-2.5.jar:1.2]
	at org.spockframework.runtime.BaseSpecRunner.invokeRaw(BaseSpecRunner.java:484) [spock-core-1.2-groovy-2.5.jar:1.2]
	at org.spockframework.runtime.BaseSpecRunner.invoke(BaseSpecRunner.java:467) [spock-core-1.2-groovy-2.5.jar:1.2]
	at org.spockframework.runtime.BaseSpecRunner.runIteration(BaseSpecRunner.java:285) [spock-core-1.2-groovy-2.5.jar:1.2]
	at org.spockframework.runtime.BaseSpecRunner.initializeAndRunIteration(BaseSpecRunner.java:275) [spock-core-1.2-groovy-2.5.jar:1.2]
	at org.spockframework.runtime.BaseSpecRunner.runSimpleFeature(BaseSpecRunner.java:266) [spock-core-1.2-groovy-2.5.jar:1.2]
	at org.spockframework.runtime.BaseSpecRunner.doRunFeature(BaseSpecRunner.java:260) [spock-core-1.2-groovy-2.5.jar:1.2]
	at org.spockframework.runtime.BaseSpecRunner$5.invoke(BaseSpecRunner.java:243) [spock-core-1.2-groovy-2.5.jar:1.2]
	at org.spockframework.runtime.BaseSpecRunner.invokeRaw(BaseSpecRunner.java:484) [spock-core-1.2-groovy-2.5.jar:1.2]
	at org.spockframework.runtime.BaseSpecRunner.invoke(BaseSpecRunner.java:467) [spock-core-1.2-groovy-2.5.jar:1.2]
	at org.spockframework.runtime.BaseSpecRunner.runFeature(BaseSpecRunner.java:235) [spock-core-1.2-groovy-2.5.jar:1.2]
	at org.spockframework.runtime.BaseSpecRunner.runFeatures(BaseSpecRunner.java:185) [spock-core-1.2-groovy-2.5.jar:1.2]
	at org.spockframework.runtime.BaseSpecRunner.doRunSpec(BaseSpecRunner.java:95) [spock-core-1.2-groovy-2.5.jar:1.2]
	at org.spockframework.runtime.BaseSpecRunner$1.invoke(BaseSpecRunner.java:81) [spock-core-1.2-groovy-2.5.jar:1.2]
	at org.spockframework.runtime.BaseSpecRunner.invokeRaw(BaseSpecRunner.java:484) [spock-core-1.2-groovy-2.5.jar:1.2]
	at org.spockframework.runtime.BaseSpecRunner.invoke(BaseSpecRunner.java:467) [spock-core-1.2-groovy-2.5.jar:1.2]
	at org.spockframework.runtime.BaseSpecRunner.runSpec(BaseSpecRunner.java:73) [spock-core-1.2-groovy-2.5.jar:1.2]
	at org.spockframework.runtime.BaseSpecRunner.run(BaseSpecRunner.java:64) [spock-core-1.2-groovy-2.5.jar:1.2]
	at org.spockframework.runtime.Sputnik.run(Sputnik.java:63) [spock-core-1.2-groovy-2.5.jar:1.2]
	at org.junit.runners.Suite.runChild(Suite.java:128) [junit-4.12.jar:4.12]
	at org.junit.runners.Suite.runChild(Suite.java:27) [junit-4.12.jar:4.12]
	at org.junit.runners.ParentRunner$3.run(ParentRunner.java:290) [junit-4.12.jar:4.12]
	at org.junit.runners.ParentRunner$1.schedule(ParentRunner.java:71) [junit-4.12.jar:4.12]
	at org.junit.runners.ParentRunner.runChildren(ParentRunner.java:288) [junit-4.12.jar:4.12]
	at org.junit.runners.ParentRunner.access$000(ParentRunner.java:58) [junit-4.12.jar:4.12]
	at org.junit.runners.ParentRunner$2.evaluate(ParentRunner.java:268) [junit-4.12.jar:4.12]
	at org.junit.runners.ParentRunner.run(ParentRunner.java:363) [junit-4.12.jar:4.12]
	at org.apache.maven.surefire.junitcore.JUnitCore.run(JUnitCore.java:55) [surefire-junit47-2.22.0.jar:2.22.0]
	at org.apache.maven.surefire.junitcore.JUnitCoreWrapper.createRequestAndRun(JUnitCoreWrapper.java:137) [surefire-junit47-2.22.0.jar:2.22.0]
	at org.apache.maven.surefire.junitcore.JUnitCoreWrapper.executeEager(JUnitCoreWrapper.java:107) [surefire-junit47-2.22.0.jar:2.22.0]
	at org.apache.maven.surefire.junitcore.JUnitCoreWrapper.execute(JUnitCoreWrapper.java:83) [surefire-junit47-2.22.0.jar:2.22.0]
	at org.apache.maven.surefire.junitcore.JUnitCoreWrapper.execute(JUnitCoreWrapper.java:75) [surefire-junit47-2.22.0.jar:2.22.0]
	at org.apache.maven.surefire.junitcore.JUnitCoreProvider.invoke(JUnitCoreProvider.java:158) [surefire-junit47-2.22.0.jar:2.22.0]
	at org.apache.maven.surefire.booter.ForkedBooter.invokeProviderInSameClassLoader(ForkedBooter.java:383) [surefire-booter-2.22.0.jar:2.22.0]
	at org.apache.maven.surefire.booter.ForkedBooter.runSuitesInProcess(ForkedBooter.java:344) [surefire-booter-2.22.0.jar:2.22.0]
	at org.apache.maven.surefire.booter.ForkedBooter.execute(ForkedBooter.java:125) [surefire-booter-2.22.0.jar:2.22.0]
	at org.apache.maven.surefire.booter.ForkedBooter.main(ForkedBooter.java:417) [surefire-booter-2.22.0.jar:2.22.0]
2019-06-08 19:40:00.657 [main] INFO  ScreenshotListener - Written screenshot to screenshots\1560002999978_testName.png
2019-06-08 19:40:02.378 [main] DEBUG SeleniumProxyFactory - Using system proxy
2019-06-08 19:40:02.387 [main] DEBUG SeleniumProxyFactory - Using autodetect proxy
2019-06-08 19:40:02.389 [main] DEBUG SeleniumProxyFactory - Using direct i.e. (no) proxy
2019-06-08 19:40:02.402 [main] DEBUG SeleniumProxyFactory - All protocols to use proxy address: host:1234
2019-06-08 19:40:02.407 [main] DEBUG SeleniumProxyFactory - All protocols to use proxy address: host:123
2019-06-08 19:40:02.412 [main] DEBUG SeleniumProxyFactory - All protocols to use proxy address: host:123
2019-06-08 19:40:02.415 [main] FATAL SeleniumProxyFactory - Invalid proxy specified, acceptable values are: system, autodetect, direct or http://{hostname}:{port}.
2019-06-08 19:40:02.417 [main] FATAL SeleniumProxyFactory - Invalid proxy specified, acceptable values are: system, autodetect, direct or http://{hostname}:{port}.
2019-06-08 19:40:02.420 [main] FATAL SeleniumProxyFactory - Invalid proxy specified, acceptable values are: system, autodetect, direct or http://{hostname}:{port}.
2019-06-08 19:40:02.461 [main] FATAL SeleniumProxyFactory - Invalid proxy specified, acceptable values are: system, autodetect, direct or http://{hostname}:{port}.
2019-06-08 19:40:02.659 [main] INFO  VideoCapture - Captured video: test1-session1.ext
2019-06-08 19:40:02.708 [main] ERROR VideoCapture - Failed fetching URL http://foo/bar/session2.ext.
2019-06-08 19:40:51.294 [TestNG-test=Surefire test-1] INFO  TestListener - START com.frameworkium.integration.restfulbooker.api.tests.BookerTest.auth_token_matches_expected_pattern
2019-06-08 19:40:57.950 [TestNG-test=Surefire test-1] INFO  TestListener - PASS  com.frameworkium.integration.restfulbooker.api.tests.BookerTest.auth_token_matches_expected_pattern
2019-06-08 19:40:58.183 [TestNG-test=Surefire test-1] INFO  TestListener - START com.frameworkium.integration.restfulbooker.api.tests.BookerTest.create_new_booking
2019-06-08 19:41:02.160 [TestNG-test=Surefire test-1] INFO  TestListener - PASS  com.frameworkium.integration.restfulbooker.api.tests.BookerTest.create_new_booking
2019-06-08 19:41:02.184 [TestNG-test=Surefire test-1] INFO  TestListener - START com.frameworkium.integration.restfulbooker.api.tests.BookerTest.delete_newly_created_booking
2019-06-08 19:41:10.160 [TestNG-test=Surefire test-1] INFO  TestListener - PASS  com.frameworkium.integration.restfulbooker.api.tests.BookerTest.delete_newly_created_booking
2019-06-08 19:41:10.286 [TestNG-test=Surefire test-1] DEBUG AbstractDriver - Browser Capabilities: Capabilities {acceptInsecureCerts: true, browserName: firefox}
2019-06-08 19:41:10.770 [TestNG-test=Surefire test-2] DEBUG AbstractDriver - Browser Capabilities: Capabilities {acceptInsecureCerts: true, browserName: firefox}
2019-06-08 19:41:10.836 [TestNG-test=Surefire test-3] DEBUG AbstractDriver - Browser Capabilities: Capabilities {acceptInsecureCerts: true, browserName: firefox}
2019-06-08 19:41:10.894 [TestNG-test=Surefire test-4] DEBUG AbstractDriver - Browser Capabilities: Capabilities {acceptInsecureCerts: true, browserName: firefox}
2019-06-08 19:41:10.955 [TestNG-test=Surefire test-5] DEBUG AbstractDriver - Browser Capabilities: Capabilities {acceptInsecureCerts: true, browserName: firefox}
2019-06-08 19:41:12.601 [TestNG-test=Surefire test-6] INFO  TestListener - START com.frameworkium.integration.restfulbooker.api.tests.SearchBookerTest.search_for_existing_records_by_date
2019-06-08 19:41:17.305 [TestNG-test=Surefire test-6] WARN  TestListener - SKIP  com.frameworkium.integration.restfulbooker.api.tests.SearchBookerTest.search_for_existing_records_by_date
2019-06-08 19:41:17.306 [TestNG-test=Surefire test-6] WARN  TestListener - Known bug in service, dates not inclusive
2019-06-08 19:41:17.328 [TestNG-test=Surefire test-6] INFO  TestListener - START com.frameworkium.integration.restfulbooker.api.tests.SearchBookerTest.search_for_existing_records_by_name
2019-06-08 19:41:21.929 [TestNG-test=Surefire test-6] INFO  TestListener - PASS  com.frameworkium.integration.restfulbooker.api.tests.SearchBookerTest.search_for_existing_records_by_name
2019-06-08 19:41:21.942 [TestNG-test=Surefire test-6] DEBUG AbstractDriver - Browser Capabilities: Capabilities {acceptInsecureCerts: true, browserName: firefox}
2019-06-08 19:41:22.021 [TestNG-test=Surefire test-7] DEBUG AbstractDriver - Browser Capabilities: Capabilities {acceptInsecureCerts: true, browserName: firefox}
2019-06-08 19:41:22.091 [TestNG-test=Surefire test-8] DEBUG AbstractDriver - Browser Capabilities: Capabilities {acceptInsecureCerts: true, browserName: firefox}
2019-06-08 19:41:22.160 [TestNG-test=Surefire test-9] DEBUG AbstractDriver - Browser Capabilities: Capabilities {acceptInsecureCerts: true, browserName: firefox}
2019-06-08 19:41:22.262 [TestNG-test=Surefire test-10] DEBUG AbstractDriver - Browser Capabilities: Capabilities {acceptInsecureCerts: true, browserName: firefox}
2019-06-08 19:41:22.344 [TestNG-test=Surefire test-11] DEBUG AbstractDriver - Browser Capabilities: Capabilities {acceptInsecureCerts: true, browserName: firefox}
2019-06-08 19:41:22.414 [TestNG-test=Surefire test-12] DEBUG AbstractDriver - Browser Capabilities: Capabilities {acceptInsecureCerts: true, browserName: firefox}
2019-06-08 19:41:22.492 [TestNG-test=Surefire test-13] DEBUG AbstractDriver - Browser Capabilities: Capabilities {acceptInsecureCerts: true, browserName: firefox}
2019-06-08 19:41:23.837 [TestNG-test=Surefire test-14] INFO  TestListener - START com.frameworkium.integration.capture.api.tests.CaptureExecutionAPITest.can_add_then_view_screenshot
2019-06-08 19:41:24.808 [TestNG-test=Surefire test-14] INFO  TestListener - PASS  com.frameworkium.integration.capture.api.tests.CaptureExecutionAPITest.can_add_then_view_screenshot
2019-06-08 19:41:24.819 [TestNG-test=Surefire test-14] INFO  TestListener - START com.frameworkium.integration.capture.api.tests.CaptureExecutionAPITest.execution_appears_in_results
2019-06-08 19:41:25.275 [TestNG-test=Surefire test-14] INFO  TestListener - PASS  com.frameworkium.integration.capture.api.tests.CaptureExecutionAPITest.execution_appears_in_results
2019-06-08 19:41:25.294 [TestNG-test=Surefire test-14] INFO  TestListener - START com.frameworkium.integration.capture.api.tests.CaptureExecutionAPITest.new_execution_has_status_new_and_last_updated_equals_created
2019-06-08 19:41:25.980 [TestNG-test=Surefire test-14] INFO  TestListener - PASS  com.frameworkium.integration.capture.api.tests.CaptureExecutionAPITest.new_execution_has_status_new_and_last_updated_equals_created
2019-06-08 19:41:25.993 [TestNG-test=Surefire test-14] DEBUG AbstractDriver - Browser Capabilities: Capabilities {acceptInsecureCerts: true, browserName: firefox}
2019-06-08 19:41:26.045 [TestNG-test=Surefire test-15] INFO  TestListener - START com.frameworkium.core.ui.ExtraExpectedConditionsTest.testNotPresentOrInvisibleWorksWithHtmlElements
2019-06-08 19:41:26.071 [TestNG-test=Surefire test-15] INFO  TestListener - PASS  com.frameworkium.core.ui.ExtraExpectedConditionsTest.testNotPresentOrInvisibleWorksWithHtmlElements
2019-06-08 19:41:26.085 [TestNG-test=Surefire test-15] INFO  TestListener - START com.frameworkium.core.ui.ExtraExpectedConditionsTest.testNotPresentOrInvisibleWorksWithTypifiedElements
2019-06-08 19:41:26.098 [TestNG-test=Surefire test-15] INFO  TestListener - PASS  com.frameworkium.core.ui.ExtraExpectedConditionsTest.testNotPresentOrInvisibleWorksWithTypifiedElements
2019-06-08 19:41:26.111 [TestNG-test=Surefire test-15] INFO  TestListener - START com.frameworkium.core.ui.ExtraExpectedConditionsTest.testSizeGreaterThanWorksWithHtmlElements
2019-06-08 19:41:26.127 [TestNG-test=Surefire test-15] INFO  TestListener - PASS  com.frameworkium.core.ui.ExtraExpectedConditionsTest.testSizeGreaterThanWorksWithHtmlElements
2019-06-08 19:41:26.138 [TestNG-test=Surefire test-15] INFO  TestListener - START com.frameworkium.core.ui.ExtraExpectedConditionsTest.testSizeGreaterThanWorksWithTypifiedElements
2019-06-08 19:41:26.146 [TestNG-test=Surefire test-15] INFO  TestListener - PASS  com.frameworkium.core.ui.ExtraExpectedConditionsTest.testSizeGreaterThanWorksWithTypifiedElements
2019-06-08 19:41:26.159 [TestNG-test=Surefire test-15] INFO  TestListener - START com.frameworkium.core.ui.ExtraExpectedConditionsTest.testSizeLessThanWorksWithHtmlElements
2019-06-08 19:41:26.168 [TestNG-test=Surefire test-15] INFO  TestListener - PASS  com.frameworkium.core.ui.ExtraExpectedConditionsTest.testSizeLessThanWorksWithHtmlElements
2019-06-08 19:41:26.187 [TestNG-test=Surefire test-15] INFO  TestListener - START com.frameworkium.core.ui.ExtraExpectedConditionsTest.testSizeLessThanWorksWithTypifiedElements
2019-06-08 19:41:26.199 [TestNG-test=Surefire test-15] INFO  TestListener - PASS  com.frameworkium.core.ui.ExtraExpectedConditionsTest.testSizeLessThanWorksWithTypifiedElements
2019-06-08 19:41:26.219 [TestNG-test=Surefire test-15] DEBUG AbstractDriver - Browser Capabilities: Capabilities {acceptInsecureCerts: true, browserName: firefox}
2019-06-08 19:45:29.547 [main] ERROR MultiUseDriverLifecycle - Failed to tear down browser after test method.
2019-06-08 19:45:29.562 [main] DEBUG MultiUseDriverLifecycle - Failed to tear down browser after test method.
java.lang.Exception: 
	at sun.reflect.NativeConstructorAccessorImpl.newInstance0(Native Method) ~[?:1.8.0_211]
	at sun.reflect.NativeConstructorAccessorImpl.newInstance(NativeConstructorAccessorImpl.java:62) ~[?:1.8.0_211]
	at sun.reflect.DelegatingConstructorAccessorImpl.newInstance(DelegatingConstructorAccessorImpl.java:45) ~[?:1.8.0_211]
	at java.lang.reflect.Constructor.newInstance(Constructor.java:423) ~[?:1.8.0_211]
	at org.codehaus.groovy.reflection.CachedConstructor.invoke(CachedConstructor.java:83) ~[groovy-2.5.5.jar:2.5.5]
	at org.codehaus.groovy.runtime.callsite.ConstructorSite$ConstructorSiteNoUnwrapNoCoerce.callConstructor(ConstructorSite.java:105) ~[groovy-2.5.5.jar:2.5.5]
	at org.codehaus.groovy.runtime.callsite.CallSiteArray.defaultCallConstructor(CallSiteArray.java:59) ~[groovy-2.5.5.jar:2.5.5]
	at org.codehaus.groovy.runtime.callsite.AbstractCallSite.callConstructor(AbstractCallSite.java:237) ~[groovy-2.5.5.jar:2.5.5]
	at org.codehaus.groovy.runtime.callsite.AbstractCallSite.callConstructor(AbstractCallSite.java:249) ~[groovy-2.5.5.jar:2.5.5]
	at com.frameworkium.core.ui.driver.lifecycle.MultiUseDriverLifecycleSpec$__spock_feature_0_1_closure4.doCall(MultiUseDriverLifecycleSpec.groovy:47) ~[test-classes/:?]
	at sun.reflect.NativeMethodAccessorImpl.invoke0(Native Method) ~[?:1.8.0_211]
	at sun.reflect.NativeMethodAccessorImpl.invoke(NativeMethodAccessorImpl.java:62) ~[?:1.8.0_211]
	at sun.reflect.DelegatingMethodAccessorImpl.invoke(DelegatingMethodAccessorImpl.java:43) ~[?:1.8.0_211]
	at java.lang.reflect.Method.invoke(Method.java:498) ~[?:1.8.0_211]
	at org.codehaus.groovy.reflection.CachedMethod.invoke(CachedMethod.java:104) ~[groovy-2.5.5.jar:2.5.5]
	at groovy.lang.MetaMethod.doMethodInvoke(MetaMethod.java:326) ~[groovy-2.5.5.jar:2.5.5]
	at org.codehaus.groovy.runtime.metaclass.ClosureMetaClass.invokeMethod(ClosureMetaClass.java:264) ~[groovy-2.5.5.jar:2.5.5]
	at groovy.lang.MetaClassImpl.invokeMethod(MetaClassImpl.java:1041) ~[groovy-2.5.5.jar:2.5.5]
	at groovy.lang.Closure.call(Closure.java:411) ~[groovy-2.5.5.jar:2.5.5]
	at org.spockframework.runtime.GroovyRuntimeUtil.invokeClosure(GroovyRuntimeUtil.java:201) ~[spock-core-1.2-groovy-2.5.jar:1.2]
	at org.spockframework.mock.response.CodeResponseGenerator.invokeClosure(CodeResponseGenerator.java:54) ~[spock-core-1.2-groovy-2.5.jar:1.2]
	at org.spockframework.mock.response.CodeResponseGenerator.doRespond(CodeResponseGenerator.java:37) ~[spock-core-1.2-groovy-2.5.jar:1.2]
	at org.spockframework.mock.response.SingleResponseGenerator.respond(SingleResponseGenerator.java:32) ~[spock-core-1.2-groovy-2.5.jar:1.2]
	at org.spockframework.mock.response.ResponseGeneratorChain.respond(ResponseGeneratorChain.java:44) ~[spock-core-1.2-groovy-2.5.jar:1.2]
	at org.spockframework.mock.runtime.MockInteraction.accept(MockInteraction.java:72) ~[spock-core-1.2-groovy-2.5.jar:1.2]
	at org.spockframework.mock.runtime.MockInteractionDecorator.accept(MockInteractionDecorator.java:50) ~[spock-core-1.2-groovy-2.5.jar:1.2]
	at org.spockframework.mock.runtime.InteractionScope$1.accept(InteractionScope.java:51) ~[spock-core-1.2-groovy-2.5.jar:1.2]
	at org.spockframework.mock.runtime.MockController.handle(MockController.java:40) ~[spock-core-1.2-groovy-2.5.jar:1.2]
	at org.spockframework.mock.runtime.JavaMockInterceptor.intercept(JavaMockInterceptor.java:72) ~[spock-core-1.2-groovy-2.5.jar:1.2]
	at org.spockframework.mock.runtime.ByteBuddyInterceptorAdapter.interceptNonAbstract(ByteBuddyInterceptorAdapter.java:35) ~[spock-core-1.2-groovy-2.5.jar:1.2]
	at org.openqa.selenium.support.events.EventFiringWebDriver$SpockMock$627574243.manage(Unknown Source) ~[?:?]
	at com.frameworkium.core.ui.driver.lifecycle.MultiUseDriverLifecycle.tearDownDriver(MultiUseDriverLifecycle.java:74) [classes/:?]
	at com.frameworkium.core.ui.driver.lifecycle.DriverLifecycle$tearDownDriver.call(Unknown Source) [classes/:?]
	at org.codehaus.groovy.runtime.callsite.CallSiteArray.defaultCall(CallSiteArray.java:47) [groovy-2.5.5.jar:2.5.5]
	at org.codehaus.groovy.runtime.callsite.AbstractCallSite.call(AbstractCallSite.java:115) [groovy-2.5.5.jar:2.5.5]
	at org.codehaus.groovy.runtime.callsite.AbstractCallSite.call(AbstractCallSite.java:119) [groovy-2.5.5.jar:2.5.5]
	at com.frameworkium.core.ui.driver.lifecycle.MultiUseDriverLifecycleSpec.$spock_feature_0_1(MultiUseDriverLifecycleSpec.groovy:45) [test-classes/:?]
	at sun.reflect.NativeMethodAccessorImpl.invoke0(Native Method) ~[?:1.8.0_211]
	at sun.reflect.NativeMethodAccessorImpl.invoke(NativeMethodAccessorImpl.java:62) ~[?:1.8.0_211]
	at sun.reflect.DelegatingMethodAccessorImpl.invoke(DelegatingMethodAccessorImpl.java:43) ~[?:1.8.0_211]
	at java.lang.reflect.Method.invoke(Method.java:498) ~[?:1.8.0_211]
	at org.spockframework.util.ReflectionUtil.invokeMethod(ReflectionUtil.java:200) [spock-core-1.2-groovy-2.5.jar:1.2]
	at org.spockframework.runtime.model.MethodInfo.invoke(MethodInfo.java:113) [spock-core-1.2-groovy-2.5.jar:1.2]
	at org.spockframework.runtime.BaseSpecRunner.invokeRaw(BaseSpecRunner.java:484) [spock-core-1.2-groovy-2.5.jar:1.2]
	at org.spockframework.runtime.BaseSpecRunner.invoke(BaseSpecRunner.java:467) [spock-core-1.2-groovy-2.5.jar:1.2]
	at org.spockframework.runtime.BaseSpecRunner.runFeatureMethod(BaseSpecRunner.java:408) [spock-core-1.2-groovy-2.5.jar:1.2]
	at org.spockframework.runtime.BaseSpecRunner.doRunIteration(BaseSpecRunner.java:322) [spock-core-1.2-groovy-2.5.jar:1.2]
	at org.spockframework.runtime.BaseSpecRunner$6.invoke(BaseSpecRunner.java:306) [spock-core-1.2-groovy-2.5.jar:1.2]
	at org.spockframework.runtime.BaseSpecRunner.invokeRaw(BaseSpecRunner.java:484) [spock-core-1.2-groovy-2.5.jar:1.2]
	at org.spockframework.runtime.BaseSpecRunner.invoke(BaseSpecRunner.java:467) [spock-core-1.2-groovy-2.5.jar:1.2]
	at org.spockframework.runtime.BaseSpecRunner.runIteration(BaseSpecRunner.java:285) [spock-core-1.2-groovy-2.5.jar:1.2]
	at org.spockframework.runtime.BaseSpecRunner.initializeAndRunIteration(BaseSpecRunner.java:275) [spock-core-1.2-groovy-2.5.jar:1.2]
	at org.spockframework.runtime.BaseSpecRunner.runSimpleFeature(BaseSpecRunner.java:266) [spock-core-1.2-groovy-2.5.jar:1.2]
	at org.spockframework.runtime.BaseSpecRunner.doRunFeature(BaseSpecRunner.java:260) [spock-core-1.2-groovy-2.5.jar:1.2]
	at org.spockframework.runtime.BaseSpecRunner$5.invoke(BaseSpecRunner.java:243) [spock-core-1.2-groovy-2.5.jar:1.2]
	at org.spockframework.runtime.BaseSpecRunner.invokeRaw(BaseSpecRunner.java:484) [spock-core-1.2-groovy-2.5.jar:1.2]
	at org.spockframework.runtime.BaseSpecRunner.invoke(BaseSpecRunner.java:467) [spock-core-1.2-groovy-2.5.jar:1.2]
	at org.spockframework.runtime.BaseSpecRunner.runFeature(BaseSpecRunner.java:235) [spock-core-1.2-groovy-2.5.jar:1.2]
	at org.spockframework.runtime.BaseSpecRunner.runFeatures(BaseSpecRunner.java:185) [spock-core-1.2-groovy-2.5.jar:1.2]
	at org.spockframework.runtime.BaseSpecRunner.doRunSpec(BaseSpecRunner.java:95) [spock-core-1.2-groovy-2.5.jar:1.2]
	at org.spockframework.runtime.BaseSpecRunner$1.invoke(BaseSpecRunner.java:81) [spock-core-1.2-groovy-2.5.jar:1.2]
	at org.spockframework.runtime.BaseSpecRunner.invokeRaw(BaseSpecRunner.java:484) [spock-core-1.2-groovy-2.5.jar:1.2]
	at org.spockframework.runtime.BaseSpecRunner.invoke(BaseSpecRunner.java:467) [spock-core-1.2-groovy-2.5.jar:1.2]
	at org.spockframework.runtime.BaseSpecRunner.runSpec(BaseSpecRunner.java:73) [spock-core-1.2-groovy-2.5.jar:1.2]
	at org.spockframework.runtime.BaseSpecRunner.run(BaseSpecRunner.java:64) [spock-core-1.2-groovy-2.5.jar:1.2]
	at org.spockframework.runtime.Sputnik.run(Sputnik.java:63) [spock-core-1.2-groovy-2.5.jar:1.2]
	at org.junit.runners.Suite.runChild(Suite.java:128) [junit-4.12.jar:4.12]
	at org.junit.runners.Suite.runChild(Suite.java:27) [junit-4.12.jar:4.12]
	at org.junit.runners.ParentRunner$3.run(ParentRunner.java:290) [junit-4.12.jar:4.12]
	at org.junit.runners.ParentRunner$1.schedule(ParentRunner.java:71) [junit-4.12.jar:4.12]
	at org.junit.runners.ParentRunner.runChildren(ParentRunner.java:288) [junit-4.12.jar:4.12]
	at org.junit.runners.ParentRunner.access$000(ParentRunner.java:58) [junit-4.12.jar:4.12]
	at org.junit.runners.ParentRunner$2.evaluate(ParentRunner.java:268) [junit-4.12.jar:4.12]
	at org.junit.runners.ParentRunner.run(ParentRunner.java:363) [junit-4.12.jar:4.12]
	at org.apache.maven.surefire.junitcore.JUnitCore.run(JUnitCore.java:55) [surefire-junit47-2.22.0.jar:2.22.0]
	at org.apache.maven.surefire.junitcore.JUnitCoreWrapper.createRequestAndRun(JUnitCoreWrapper.java:137) [surefire-junit47-2.22.0.jar:2.22.0]
	at org.apache.maven.surefire.junitcore.JUnitCoreWrapper.executeEager(JUnitCoreWrapper.java:107) [surefire-junit47-2.22.0.jar:2.22.0]
	at org.apache.maven.surefire.junitcore.JUnitCoreWrapper.execute(JUnitCoreWrapper.java:83) [surefire-junit47-2.22.0.jar:2.22.0]
	at org.apache.maven.surefire.junitcore.JUnitCoreWrapper.execute(JUnitCoreWrapper.java:75) [surefire-junit47-2.22.0.jar:2.22.0]
	at org.apache.maven.surefire.junitcore.JUnitCoreProvider.invoke(JUnitCoreProvider.java:158) [surefire-junit47-2.22.0.jar:2.22.0]
	at org.apache.maven.surefire.booter.ForkedBooter.invokeProviderInSameClassLoader(ForkedBooter.java:383) [surefire-booter-2.22.0.jar:2.22.0]
	at org.apache.maven.surefire.booter.ForkedBooter.runSuitesInProcess(ForkedBooter.java:344) [surefire-booter-2.22.0.jar:2.22.0]
	at org.apache.maven.surefire.booter.ForkedBooter.execute(ForkedBooter.java:125) [surefire-booter-2.22.0.jar:2.22.0]
	at org.apache.maven.surefire.booter.ForkedBooter.main(ForkedBooter.java:417) [surefire-booter-2.22.0.jar:2.22.0]
2019-06-08 19:45:29.594 [main] ERROR MultiUseDriverLifecycle - Failed to quit a browser in the pool.
2019-06-08 19:45:29.595 [main] DEBUG MultiUseDriverLifecycle - Failed to quit a browser in the pool.
org.codehaus.groovy.runtime.typehandling.GroovyCastException: Cannot cast object 'com.frameworkium.core.ui.driver.lifecycle.MultiUseDriverLifecycleSpec$__spock_feature_0_2_closure6@530a8454' with class 'com.frameworkium.core.ui.driver.lifecycle.MultiUseDriverLifecycleSpec$__spock_feature_0_2_closure6' to class 'void'
	at org.codehaus.groovy.runtime.typehandling.DefaultTypeTransformation.castToPrimitive(DefaultTypeTransformation.java:356) ~[groovy-2.5.5.jar:2.5.5]
	at org.codehaus.groovy.runtime.typehandling.DefaultTypeTransformation.castToType(DefaultTypeTransformation.java:239) ~[groovy-2.5.5.jar:2.5.5]
	at org.spockframework.runtime.GroovyRuntimeUtil.coerce(GroovyRuntimeUtil.java:46) ~[spock-core-1.2-groovy-2.5.jar:1.2]
	at org.spockframework.mock.response.IterableResponseGenerator.respond(IterableResponseGenerator.java:46) ~[spock-core-1.2-groovy-2.5.jar:1.2]
	at org.spockframework.mock.response.ResponseGeneratorChain.respond(ResponseGeneratorChain.java:44) ~[spock-core-1.2-groovy-2.5.jar:1.2]
	at org.spockframework.mock.runtime.MockInteraction.accept(MockInteraction.java:72) ~[spock-core-1.2-groovy-2.5.jar:1.2]
	at org.spockframework.mock.runtime.MockInteractionDecorator.accept(MockInteractionDecorator.java:50) ~[spock-core-1.2-groovy-2.5.jar:1.2]
	at org.spockframework.mock.runtime.InteractionScope$1.accept(InteractionScope.java:51) ~[spock-core-1.2-groovy-2.5.jar:1.2]
	at org.spockframework.mock.runtime.MockController.handle(MockController.java:40) ~[spock-core-1.2-groovy-2.5.jar:1.2]
	at org.spockframework.mock.runtime.JavaMockInterceptor.intercept(JavaMockInterceptor.java:72) ~[spock-core-1.2-groovy-2.5.jar:1.2]
	at org.spockframework.mock.runtime.ByteBuddyInterceptorAdapter.interceptNonAbstract(ByteBuddyInterceptorAdapter.java:35) ~[spock-core-1.2-groovy-2.5.jar:1.2]
	at org.openqa.selenium.support.events.EventFiringWebDriver$SpockMock$627574243.quit(Unknown Source) ~[?:?]
	at com.frameworkium.core.ui.driver.lifecycle.MultiUseDriverLifecycle.lambda$2(MultiUseDriverLifecycle.java:98) ~[classes/:?]
	at java.util.stream.ForEachOps$ForEachOp$OfRef.accept(ForEachOps.java:184) [?:1.8.0_211]
	at java.util.concurrent.LinkedBlockingDeque$LBDSpliterator.forEachRemaining(LinkedBlockingDeque.java:1225) [?:1.8.0_211]
	at java.util.stream.AbstractPipeline.copyInto(AbstractPipeline.java:481) [?:1.8.0_211]
	at java.util.stream.ForEachOps$ForEachTask.compute(ForEachOps.java:291) [?:1.8.0_211]
	at java.util.concurrent.CountedCompleter.exec(CountedCompleter.java:731) [?:1.8.0_211]
	at java.util.concurrent.ForkJoinTask.doExec(ForkJoinTask.java:289) [?:1.8.0_211]
	at java.util.concurrent.ForkJoinTask.doInvoke(ForkJoinTask.java:401) [?:1.8.0_211]
	at java.util.concurrent.ForkJoinTask.invoke(ForkJoinTask.java:734) [?:1.8.0_211]
	at java.util.stream.ForEachOps$ForEachOp.evaluateParallel(ForEachOps.java:160) [?:1.8.0_211]
	at java.util.stream.ForEachOps$ForEachOp$OfRef.evaluateParallel(ForEachOps.java:174) [?:1.8.0_211]
	at java.util.stream.AbstractPipeline.evaluate(AbstractPipeline.java:233) [?:1.8.0_211]
	at java.util.stream.ReferencePipeline.forEach(ReferencePipeline.java:418) [?:1.8.0_211]
	at java.util.stream.ReferencePipeline$Head.forEach(ReferencePipeline.java:583) [?:1.8.0_211]
	at com.frameworkium.core.ui.driver.lifecycle.MultiUseDriverLifecycle.tearDownDriverPool(MultiUseDriverLifecycle.java:96) [classes/:?]
	at com.frameworkium.core.ui.driver.lifecycle.DriverLifecycle$tearDownDriverPool$0.call(Unknown Source) [classes/:?]
	at org.codehaus.groovy.runtime.callsite.CallSiteArray.defaultCall(CallSiteArray.java:47) [groovy-2.5.5.jar:2.5.5]
	at org.codehaus.groovy.runtime.callsite.AbstractCallSite.call(AbstractCallSite.java:115) [groovy-2.5.5.jar:2.5.5]
	at org.codehaus.groovy.runtime.callsite.AbstractCallSite.call(AbstractCallSite.java:119) [groovy-2.5.5.jar:2.5.5]
	at com.frameworkium.core.ui.driver.lifecycle.MultiUseDriverLifecycleSpec.$spock_feature_0_2(MultiUseDriverLifecycleSpec.groovy:56) [test-classes/:?]
	at sun.reflect.NativeMethodAccessorImpl.invoke0(Native Method) ~[?:1.8.0_211]
	at sun.reflect.NativeMethodAccessorImpl.invoke(NativeMethodAccessorImpl.java:62) ~[?:1.8.0_211]
	at sun.reflect.DelegatingMethodAccessorImpl.invoke(DelegatingMethodAccessorImpl.java:43) ~[?:1.8.0_211]
	at java.lang.reflect.Method.invoke(Method.java:498) ~[?:1.8.0_211]
	at org.spockframework.util.ReflectionUtil.invokeMethod(ReflectionUtil.java:200) [spock-core-1.2-groovy-2.5.jar:1.2]
	at org.spockframework.runtime.model.MethodInfo.invoke(MethodInfo.java:113) [spock-core-1.2-groovy-2.5.jar:1.2]
	at org.spockframework.runtime.BaseSpecRunner.invokeRaw(BaseSpecRunner.java:484) [spock-core-1.2-groovy-2.5.jar:1.2]
	at org.spockframework.runtime.BaseSpecRunner.invoke(BaseSpecRunner.java:467) [spock-core-1.2-groovy-2.5.jar:1.2]
	at org.spockframework.runtime.BaseSpecRunner.runFeatureMethod(BaseSpecRunner.java:408) [spock-core-1.2-groovy-2.5.jar:1.2]
	at org.spockframework.runtime.BaseSpecRunner.doRunIteration(BaseSpecRunner.java:322) [spock-core-1.2-groovy-2.5.jar:1.2]
	at org.spockframework.runtime.BaseSpecRunner$6.invoke(BaseSpecRunner.java:306) [spock-core-1.2-groovy-2.5.jar:1.2]
	at org.spockframework.runtime.BaseSpecRunner.invokeRaw(BaseSpecRunner.java:484) [spock-core-1.2-groovy-2.5.jar:1.2]
	at org.spockframework.runtime.BaseSpecRunner.invoke(BaseSpecRunner.java:467) [spock-core-1.2-groovy-2.5.jar:1.2]
	at org.spockframework.runtime.BaseSpecRunner.runIteration(BaseSpecRunner.java:285) [spock-core-1.2-groovy-2.5.jar:1.2]
	at org.spockframework.runtime.BaseSpecRunner.initializeAndRunIteration(BaseSpecRunner.java:275) [spock-core-1.2-groovy-2.5.jar:1.2]
	at org.spockframework.runtime.BaseSpecRunner.runSimpleFeature(BaseSpecRunner.java:266) [spock-core-1.2-groovy-2.5.jar:1.2]
	at org.spockframework.runtime.BaseSpecRunner.doRunFeature(BaseSpecRunner.java:260) [spock-core-1.2-groovy-2.5.jar:1.2]
	at org.spockframework.runtime.BaseSpecRunner$5.invoke(BaseSpecRunner.java:243) [spock-core-1.2-groovy-2.5.jar:1.2]
	at org.spockframework.runtime.BaseSpecRunner.invokeRaw(BaseSpecRunner.java:484) [spock-core-1.2-groovy-2.5.jar:1.2]
	at org.spockframework.runtime.BaseSpecRunner.invoke(BaseSpecRunner.java:467) [spock-core-1.2-groovy-2.5.jar:1.2]
	at org.spockframework.runtime.BaseSpecRunner.runFeature(BaseSpecRunner.java:235) [spock-core-1.2-groovy-2.5.jar:1.2]
	at org.spockframework.runtime.BaseSpecRunner.runFeatures(BaseSpecRunner.java:185) [spock-core-1.2-groovy-2.5.jar:1.2]
	at org.spockframework.runtime.BaseSpecRunner.doRunSpec(BaseSpecRunner.java:95) [spock-core-1.2-groovy-2.5.jar:1.2]
	at org.spockframework.runtime.BaseSpecRunner$1.invoke(BaseSpecRunner.java:81) [spock-core-1.2-groovy-2.5.jar:1.2]
	at org.spockframework.runtime.BaseSpecRunner.invokeRaw(BaseSpecRunner.java:484) [spock-core-1.2-groovy-2.5.jar:1.2]
	at org.spockframework.runtime.BaseSpecRunner.invoke(BaseSpecRunner.java:467) [spock-core-1.2-groovy-2.5.jar:1.2]
	at org.spockframework.runtime.BaseSpecRunner.runSpec(BaseSpecRunner.java:73) [spock-core-1.2-groovy-2.5.jar:1.2]
	at org.spockframework.runtime.BaseSpecRunner.run(BaseSpecRunner.java:64) [spock-core-1.2-groovy-2.5.jar:1.2]
	at org.spockframework.runtime.Sputnik.run(Sputnik.java:63) [spock-core-1.2-groovy-2.5.jar:1.2]
	at org.junit.runners.Suite.runChild(Suite.java:128) [junit-4.12.jar:4.12]
	at org.junit.runners.Suite.runChild(Suite.java:27) [junit-4.12.jar:4.12]
	at org.junit.runners.ParentRunner$3.run(ParentRunner.java:290) [junit-4.12.jar:4.12]
	at org.junit.runners.ParentRunner$1.schedule(ParentRunner.java:71) [junit-4.12.jar:4.12]
	at org.junit.runners.ParentRunner.runChildren(ParentRunner.java:288) [junit-4.12.jar:4.12]
	at org.junit.runners.ParentRunner.access$000(ParentRunner.java:58) [junit-4.12.jar:4.12]
	at org.junit.runners.ParentRunner$2.evaluate(ParentRunner.java:268) [junit-4.12.jar:4.12]
	at org.junit.runners.ParentRunner.run(ParentRunner.java:363) [junit-4.12.jar:4.12]
	at org.apache.maven.surefire.junitcore.JUnitCore.run(JUnitCore.java:55) [surefire-junit47-2.22.0.jar:2.22.0]
	at org.apache.maven.surefire.junitcore.JUnitCoreWrapper.createRequestAndRun(JUnitCoreWrapper.java:137) [surefire-junit47-2.22.0.jar:2.22.0]
	at org.apache.maven.surefire.junitcore.JUnitCoreWrapper.executeEager(JUnitCoreWrapper.java:107) [surefire-junit47-2.22.0.jar:2.22.0]
	at org.apache.maven.surefire.junitcore.JUnitCoreWrapper.execute(JUnitCoreWrapper.java:83) [surefire-junit47-2.22.0.jar:2.22.0]
	at org.apache.maven.surefire.junitcore.JUnitCoreWrapper.execute(JUnitCoreWrapper.java:75) [surefire-junit47-2.22.0.jar:2.22.0]
	at org.apache.maven.surefire.junitcore.JUnitCoreProvider.invoke(JUnitCoreProvider.java:158) [surefire-junit47-2.22.0.jar:2.22.0]
	at org.apache.maven.surefire.booter.ForkedBooter.invokeProviderInSameClassLoader(ForkedBooter.java:383) [surefire-booter-2.22.0.jar:2.22.0]
	at org.apache.maven.surefire.booter.ForkedBooter.runSuitesInProcess(ForkedBooter.java:344) [surefire-booter-2.22.0.jar:2.22.0]
	at org.apache.maven.surefire.booter.ForkedBooter.execute(ForkedBooter.java:125) [surefire-booter-2.22.0.jar:2.22.0]
	at org.apache.maven.surefire.booter.ForkedBooter.main(ForkedBooter.java:417) [surefire-booter-2.22.0.jar:2.22.0]
2019-06-08 19:45:29.662 [main] ERROR SingleUseDriverLifecycle - Failed to quit browser.
2019-06-08 19:45:29.664 [main] DEBUG SingleUseDriverLifecycle - Failed to quit browser
java.lang.Exception: 
	at sun.reflect.NativeConstructorAccessorImpl.newInstance0(Native Method) ~[?:1.8.0_211]
	at sun.reflect.NativeConstructorAccessorImpl.newInstance(NativeConstructorAccessorImpl.java:62) ~[?:1.8.0_211]
	at sun.reflect.DelegatingConstructorAccessorImpl.newInstance(DelegatingConstructorAccessorImpl.java:45) ~[?:1.8.0_211]
	at java.lang.reflect.Constructor.newInstance(Constructor.java:423) ~[?:1.8.0_211]
	at org.codehaus.groovy.reflection.CachedConstructor.invoke(CachedConstructor.java:83) ~[groovy-2.5.5.jar:2.5.5]
	at org.codehaus.groovy.runtime.callsite.ConstructorSite$ConstructorSiteNoUnwrapNoCoerce.callConstructor(ConstructorSite.java:105) ~[groovy-2.5.5.jar:2.5.5]
	at org.codehaus.groovy.runtime.callsite.CallSiteArray.defaultCallConstructor(CallSiteArray.java:59) ~[groovy-2.5.5.jar:2.5.5]
	at org.codehaus.groovy.runtime.callsite.AbstractCallSite.callConstructor(AbstractCallSite.java:237) ~[groovy-2.5.5.jar:2.5.5]
	at org.codehaus.groovy.runtime.callsite.AbstractCallSite.callConstructor(AbstractCallSite.java:249) ~[groovy-2.5.5.jar:2.5.5]
	at com.frameworkium.core.ui.driver.lifecycle.SingleUseDriverLifecycleSpec$__spock_feature_0_2_closure4.doCall(SingleUseDriverLifecycleSpec.groovy:51) ~[test-classes/:?]
	at sun.reflect.NativeMethodAccessorImpl.invoke0(Native Method) ~[?:1.8.0_211]
	at sun.reflect.NativeMethodAccessorImpl.invoke(NativeMethodAccessorImpl.java:62) ~[?:1.8.0_211]
	at sun.reflect.DelegatingMethodAccessorImpl.invoke(DelegatingMethodAccessorImpl.java:43) ~[?:1.8.0_211]
	at java.lang.reflect.Method.invoke(Method.java:498) ~[?:1.8.0_211]
	at org.codehaus.groovy.reflection.CachedMethod.invoke(CachedMethod.java:104) ~[groovy-2.5.5.jar:2.5.5]
	at groovy.lang.MetaMethod.doMethodInvoke(MetaMethod.java:326) ~[groovy-2.5.5.jar:2.5.5]
	at org.codehaus.groovy.runtime.metaclass.ClosureMetaClass.invokeMethod(ClosureMetaClass.java:264) ~[groovy-2.5.5.jar:2.5.5]
	at groovy.lang.MetaClassImpl.invokeMethod(MetaClassImpl.java:1041) ~[groovy-2.5.5.jar:2.5.5]
	at groovy.lang.Closure.call(Closure.java:411) ~[groovy-2.5.5.jar:2.5.5]
	at org.spockframework.runtime.GroovyRuntimeUtil.invokeClosure(GroovyRuntimeUtil.java:201) ~[spock-core-1.2-groovy-2.5.jar:1.2]
	at org.spockframework.mock.response.CodeResponseGenerator.invokeClosure(CodeResponseGenerator.java:54) ~[spock-core-1.2-groovy-2.5.jar:1.2]
	at org.spockframework.mock.response.CodeResponseGenerator.doRespond(CodeResponseGenerator.java:37) ~[spock-core-1.2-groovy-2.5.jar:1.2]
	at org.spockframework.mock.response.SingleResponseGenerator.respond(SingleResponseGenerator.java:32) ~[spock-core-1.2-groovy-2.5.jar:1.2]
	at org.spockframework.mock.response.ResponseGeneratorChain.respond(ResponseGeneratorChain.java:44) ~[spock-core-1.2-groovy-2.5.jar:1.2]
	at org.spockframework.mock.runtime.MockInteraction.accept(MockInteraction.java:72) ~[spock-core-1.2-groovy-2.5.jar:1.2]
	at org.spockframework.mock.runtime.MockInteractionDecorator.accept(MockInteractionDecorator.java:50) ~[spock-core-1.2-groovy-2.5.jar:1.2]
	at org.spockframework.mock.runtime.InteractionScope$1.accept(InteractionScope.java:51) ~[spock-core-1.2-groovy-2.5.jar:1.2]
	at org.spockframework.mock.runtime.MockController.handle(MockController.java:40) ~[spock-core-1.2-groovy-2.5.jar:1.2]
	at org.spockframework.mock.runtime.JavaMockInterceptor.intercept(JavaMockInterceptor.java:72) ~[spock-core-1.2-groovy-2.5.jar:1.2]
	at org.spockframework.mock.runtime.ByteBuddyInterceptorAdapter.interceptNonAbstract(ByteBuddyInterceptorAdapter.java:35) ~[spock-core-1.2-groovy-2.5.jar:1.2]
	at org.openqa.selenium.support.events.EventFiringWebDriver$SpockMock$627574243.quit(Unknown Source) ~[?:?]
	at com.frameworkium.core.ui.driver.lifecycle.SingleUseDriverLifecycle.tearDownDriver(SingleUseDriverLifecycle.java:45) [classes/:?]
	at com.frameworkium.core.ui.driver.lifecycle.DriverLifecycle$tearDownDriver.call(Unknown Source) [classes/:?]
	at org.codehaus.groovy.runtime.callsite.CallSiteArray.defaultCall(CallSiteArray.java:47) [groovy-2.5.5.jar:2.5.5]
	at org.codehaus.groovy.runtime.callsite.AbstractCallSite.call(AbstractCallSite.java:115) [groovy-2.5.5.jar:2.5.5]
	at org.codehaus.groovy.runtime.callsite.AbstractCallSite.call(AbstractCallSite.java:119) [groovy-2.5.5.jar:2.5.5]
	at com.frameworkium.core.ui.driver.lifecycle.SingleUseDriverLifecycleSpec.$spock_feature_0_2(SingleUseDriverLifecycleSpec.groovy:49) [test-classes/:?]
	at sun.reflect.NativeMethodAccessorImpl.invoke0(Native Method) ~[?:1.8.0_211]
	at sun.reflect.NativeMethodAccessorImpl.invoke(NativeMethodAccessorImpl.java:62) ~[?:1.8.0_211]
	at sun.reflect.DelegatingMethodAccessorImpl.invoke(DelegatingMethodAccessorImpl.java:43) ~[?:1.8.0_211]
	at java.lang.reflect.Method.invoke(Method.java:498) ~[?:1.8.0_211]
	at org.spockframework.util.ReflectionUtil.invokeMethod(ReflectionUtil.java:200) [spock-core-1.2-groovy-2.5.jar:1.2]
	at org.spockframework.runtime.model.MethodInfo.invoke(MethodInfo.java:113) [spock-core-1.2-groovy-2.5.jar:1.2]
	at org.spockframework.runtime.BaseSpecRunner.invokeRaw(BaseSpecRunner.java:484) [spock-core-1.2-groovy-2.5.jar:1.2]
	at org.spockframework.runtime.BaseSpecRunner.invoke(BaseSpecRunner.java:467) [spock-core-1.2-groovy-2.5.jar:1.2]
	at org.spockframework.runtime.BaseSpecRunner.runFeatureMethod(BaseSpecRunner.java:408) [spock-core-1.2-groovy-2.5.jar:1.2]
	at org.spockframework.runtime.BaseSpecRunner.doRunIteration(BaseSpecRunner.java:322) [spock-core-1.2-groovy-2.5.jar:1.2]
	at org.spockframework.runtime.BaseSpecRunner$6.invoke(BaseSpecRunner.java:306) [spock-core-1.2-groovy-2.5.jar:1.2]
	at org.spockframework.runtime.BaseSpecRunner.invokeRaw(BaseSpecRunner.java:484) [spock-core-1.2-groovy-2.5.jar:1.2]
	at org.spockframework.runtime.BaseSpecRunner.invoke(BaseSpecRunner.java:467) [spock-core-1.2-groovy-2.5.jar:1.2]
	at org.spockframework.runtime.BaseSpecRunner.runIteration(BaseSpecRunner.java:285) [spock-core-1.2-groovy-2.5.jar:1.2]
	at org.spockframework.runtime.BaseSpecRunner.initializeAndRunIteration(BaseSpecRunner.java:275) [spock-core-1.2-groovy-2.5.jar:1.2]
	at org.spockframework.runtime.BaseSpecRunner.runSimpleFeature(BaseSpecRunner.java:266) [spock-core-1.2-groovy-2.5.jar:1.2]
	at org.spockframework.runtime.BaseSpecRunner.doRunFeature(BaseSpecRunner.java:260) [spock-core-1.2-groovy-2.5.jar:1.2]
	at org.spockframework.runtime.BaseSpecRunner$5.invoke(BaseSpecRunner.java:243) [spock-core-1.2-groovy-2.5.jar:1.2]
	at org.spockframework.runtime.BaseSpecRunner.invokeRaw(BaseSpecRunner.java:484) [spock-core-1.2-groovy-2.5.jar:1.2]
	at org.spockframework.runtime.BaseSpecRunner.invoke(BaseSpecRunner.java:467) [spock-core-1.2-groovy-2.5.jar:1.2]
	at org.spockframework.runtime.BaseSpecRunner.runFeature(BaseSpecRunner.java:235) [spock-core-1.2-groovy-2.5.jar:1.2]
	at org.spockframework.runtime.BaseSpecRunner.runFeatures(BaseSpecRunner.java:185) [spock-core-1.2-groovy-2.5.jar:1.2]
	at org.spockframework.runtime.BaseSpecRunner.doRunSpec(BaseSpecRunner.java:95) [spock-core-1.2-groovy-2.5.jar:1.2]
	at org.spockframework.runtime.BaseSpecRunner$1.invoke(BaseSpecRunner.java:81) [spock-core-1.2-groovy-2.5.jar:1.2]
	at org.spockframework.runtime.BaseSpecRunner.invokeRaw(BaseSpecRunner.java:484) [spock-core-1.2-groovy-2.5.jar:1.2]
	at org.spockframework.runtime.BaseSpecRunner.invoke(BaseSpecRunner.java:467) [spock-core-1.2-groovy-2.5.jar:1.2]
	at org.spockframework.runtime.BaseSpecRunner.runSpec(BaseSpecRunner.java:73) [spock-core-1.2-groovy-2.5.jar:1.2]
	at org.spockframework.runtime.BaseSpecRunner.run(BaseSpecRunner.java:64) [spock-core-1.2-groovy-2.5.jar:1.2]
	at org.spockframework.runtime.Sputnik.run(Sputnik.java:63) [spock-core-1.2-groovy-2.5.jar:1.2]
	at org.junit.runners.Suite.runChild(Suite.java:128) [junit-4.12.jar:4.12]
	at org.junit.runners.Suite.runChild(Suite.java:27) [junit-4.12.jar:4.12]
	at org.junit.runners.ParentRunner$3.run(ParentRunner.java:290) [junit-4.12.jar:4.12]
	at org.junit.runners.ParentRunner$1.schedule(ParentRunner.java:71) [junit-4.12.jar:4.12]
	at org.junit.runners.ParentRunner.runChildren(ParentRunner.java:288) [junit-4.12.jar:4.12]
	at org.junit.runners.ParentRunner.access$000(ParentRunner.java:58) [junit-4.12.jar:4.12]
	at org.junit.runners.ParentRunner$2.evaluate(ParentRunner.java:268) [junit-4.12.jar:4.12]
	at org.junit.runners.ParentRunner.run(ParentRunner.java:363) [junit-4.12.jar:4.12]
	at org.apache.maven.surefire.junitcore.JUnitCore.run(JUnitCore.java:55) [surefire-junit47-2.22.0.jar:2.22.0]
	at org.apache.maven.surefire.junitcore.JUnitCoreWrapper.createRequestAndRun(JUnitCoreWrapper.java:137) [surefire-junit47-2.22.0.jar:2.22.0]
	at org.apache.maven.surefire.junitcore.JUnitCoreWrapper.executeEager(JUnitCoreWrapper.java:107) [surefire-junit47-2.22.0.jar:2.22.0]
	at org.apache.maven.surefire.junitcore.JUnitCoreWrapper.execute(JUnitCoreWrapper.java:83) [surefire-junit47-2.22.0.jar:2.22.0]
	at org.apache.maven.surefire.junitcore.JUnitCoreWrapper.execute(JUnitCoreWrapper.java:75) [surefire-junit47-2.22.0.jar:2.22.0]
	at org.apache.maven.surefire.junitcore.JUnitCoreProvider.invoke(JUnitCoreProvider.java:158) [surefire-junit47-2.22.0.jar:2.22.0]
	at org.apache.maven.surefire.booter.ForkedBooter.invokeProviderInSameClassLoader(ForkedBooter.java:383) [surefire-booter-2.22.0.jar:2.22.0]
	at org.apache.maven.surefire.booter.ForkedBooter.runSuitesInProcess(ForkedBooter.java:344) [surefire-booter-2.22.0.jar:2.22.0]
	at org.apache.maven.surefire.booter.ForkedBooter.execute(ForkedBooter.java:125) [surefire-booter-2.22.0.jar:2.22.0]
	at org.apache.maven.surefire.booter.ForkedBooter.main(ForkedBooter.java:417) [surefire-booter-2.22.0.jar:2.22.0]
2019-06-08 19:45:30.436 [main] INFO  ScreenshotListener - Written screenshot to screenshots\1560003330199_testName.png
2019-06-08 19:45:31.380 [main] DEBUG SeleniumProxyFactory - Using system proxy
2019-06-08 19:45:31.390 [main] DEBUG SeleniumProxyFactory - Using autodetect proxy
2019-06-08 19:45:31.392 [main] DEBUG SeleniumProxyFactory - Using direct i.e. (no) proxy
2019-06-08 19:45:31.400 [main] DEBUG SeleniumProxyFactory - All protocols to use proxy address: host:1234
2019-06-08 19:45:31.405 [main] DEBUG SeleniumProxyFactory - All protocols to use proxy address: host:123
2019-06-08 19:45:31.407 [main] DEBUG SeleniumProxyFactory - All protocols to use proxy address: host:123
2019-06-08 19:45:31.411 [main] FATAL SeleniumProxyFactory - Invalid proxy specified, acceptable values are: system, autodetect, direct or http://{hostname}:{port}.
2019-06-08 19:45:31.416 [main] FATAL SeleniumProxyFactory - Invalid proxy specified, acceptable values are: system, autodetect, direct or http://{hostname}:{port}.
2019-06-08 19:45:31.447 [main] FATAL SeleniumProxyFactory - Invalid proxy specified, acceptable values are: system, autodetect, direct or http://{hostname}:{port}.
2019-06-08 19:45:31.535 [main] FATAL SeleniumProxyFactory - Invalid proxy specified, acceptable values are: system, autodetect, direct or http://{hostname}:{port}.
2019-06-08 19:45:31.852 [main] INFO  VideoCapture - Captured video: test1-session1.ext
2019-06-08 19:45:31.899 [main] ERROR VideoCapture - Failed fetching URL http://foo/bar/session2.ext.
2019-06-08 19:47:38.495 [main] ERROR MultiUseDriverLifecycle - Failed to tear down browser after test method.
2019-06-08 19:47:38.506 [main] DEBUG MultiUseDriverLifecycle - Failed to tear down browser after test method.
java.lang.Exception: 
	at sun.reflect.NativeConstructorAccessorImpl.newInstance0(Native Method) ~[?:1.8.0_211]
	at sun.reflect.NativeConstructorAccessorImpl.newInstance(NativeConstructorAccessorImpl.java:62) ~[?:1.8.0_211]
	at sun.reflect.DelegatingConstructorAccessorImpl.newInstance(DelegatingConstructorAccessorImpl.java:45) ~[?:1.8.0_211]
	at java.lang.reflect.Constructor.newInstance(Constructor.java:423) ~[?:1.8.0_211]
	at org.codehaus.groovy.reflection.CachedConstructor.invoke(CachedConstructor.java:83) ~[groovy-2.5.5.jar:2.5.5]
	at org.codehaus.groovy.runtime.callsite.ConstructorSite$ConstructorSiteNoUnwrapNoCoerce.callConstructor(ConstructorSite.java:105) ~[groovy-2.5.5.jar:2.5.5]
	at org.codehaus.groovy.runtime.callsite.CallSiteArray.defaultCallConstructor(CallSiteArray.java:59) ~[groovy-2.5.5.jar:2.5.5]
	at org.codehaus.groovy.runtime.callsite.AbstractCallSite.callConstructor(AbstractCallSite.java:237) ~[groovy-2.5.5.jar:2.5.5]
	at org.codehaus.groovy.runtime.callsite.AbstractCallSite.callConstructor(AbstractCallSite.java:249) ~[groovy-2.5.5.jar:2.5.5]
	at com.frameworkium.core.ui.driver.lifecycle.MultiUseDriverLifecycleSpec$__spock_feature_0_1_closure4.doCall(MultiUseDriverLifecycleSpec.groovy:47) ~[test-classes/:?]
	at sun.reflect.NativeMethodAccessorImpl.invoke0(Native Method) ~[?:1.8.0_211]
	at sun.reflect.NativeMethodAccessorImpl.invoke(NativeMethodAccessorImpl.java:62) ~[?:1.8.0_211]
	at sun.reflect.DelegatingMethodAccessorImpl.invoke(DelegatingMethodAccessorImpl.java:43) ~[?:1.8.0_211]
	at java.lang.reflect.Method.invoke(Method.java:498) ~[?:1.8.0_211]
	at org.codehaus.groovy.reflection.CachedMethod.invoke(CachedMethod.java:104) ~[groovy-2.5.5.jar:2.5.5]
	at groovy.lang.MetaMethod.doMethodInvoke(MetaMethod.java:326) ~[groovy-2.5.5.jar:2.5.5]
	at org.codehaus.groovy.runtime.metaclass.ClosureMetaClass.invokeMethod(ClosureMetaClass.java:264) ~[groovy-2.5.5.jar:2.5.5]
	at groovy.lang.MetaClassImpl.invokeMethod(MetaClassImpl.java:1041) ~[groovy-2.5.5.jar:2.5.5]
	at groovy.lang.Closure.call(Closure.java:411) ~[groovy-2.5.5.jar:2.5.5]
	at org.spockframework.runtime.GroovyRuntimeUtil.invokeClosure(GroovyRuntimeUtil.java:201) ~[spock-core-1.2-groovy-2.5.jar:1.2]
	at org.spockframework.mock.response.CodeResponseGenerator.invokeClosure(CodeResponseGenerator.java:54) ~[spock-core-1.2-groovy-2.5.jar:1.2]
	at org.spockframework.mock.response.CodeResponseGenerator.doRespond(CodeResponseGenerator.java:37) ~[spock-core-1.2-groovy-2.5.jar:1.2]
	at org.spockframework.mock.response.SingleResponseGenerator.respond(SingleResponseGenerator.java:32) ~[spock-core-1.2-groovy-2.5.jar:1.2]
	at org.spockframework.mock.response.ResponseGeneratorChain.respond(ResponseGeneratorChain.java:44) ~[spock-core-1.2-groovy-2.5.jar:1.2]
	at org.spockframework.mock.runtime.MockInteraction.accept(MockInteraction.java:72) ~[spock-core-1.2-groovy-2.5.jar:1.2]
	at org.spockframework.mock.runtime.MockInteractionDecorator.accept(MockInteractionDecorator.java:50) ~[spock-core-1.2-groovy-2.5.jar:1.2]
	at org.spockframework.mock.runtime.InteractionScope$1.accept(InteractionScope.java:51) ~[spock-core-1.2-groovy-2.5.jar:1.2]
	at org.spockframework.mock.runtime.MockController.handle(MockController.java:40) ~[spock-core-1.2-groovy-2.5.jar:1.2]
	at org.spockframework.mock.runtime.JavaMockInterceptor.intercept(JavaMockInterceptor.java:72) ~[spock-core-1.2-groovy-2.5.jar:1.2]
	at org.spockframework.mock.runtime.ByteBuddyInterceptorAdapter.interceptNonAbstract(ByteBuddyInterceptorAdapter.java:35) ~[spock-core-1.2-groovy-2.5.jar:1.2]
	at org.openqa.selenium.support.events.EventFiringWebDriver$SpockMock$1025815608.manage(Unknown Source) ~[?:?]
	at com.frameworkium.core.ui.driver.lifecycle.MultiUseDriverLifecycle.tearDownDriver(MultiUseDriverLifecycle.java:74) [classes/:?]
	at com.frameworkium.core.ui.driver.lifecycle.DriverLifecycle$tearDownDriver.call(Unknown Source) [classes/:?]
	at org.codehaus.groovy.runtime.callsite.CallSiteArray.defaultCall(CallSiteArray.java:47) [groovy-2.5.5.jar:2.5.5]
	at org.codehaus.groovy.runtime.callsite.AbstractCallSite.call(AbstractCallSite.java:115) [groovy-2.5.5.jar:2.5.5]
	at org.codehaus.groovy.runtime.callsite.AbstractCallSite.call(AbstractCallSite.java:119) [groovy-2.5.5.jar:2.5.5]
	at com.frameworkium.core.ui.driver.lifecycle.MultiUseDriverLifecycleSpec.$spock_feature_0_1(MultiUseDriverLifecycleSpec.groovy:45) [test-classes/:?]
	at sun.reflect.NativeMethodAccessorImpl.invoke0(Native Method) ~[?:1.8.0_211]
	at sun.reflect.NativeMethodAccessorImpl.invoke(NativeMethodAccessorImpl.java:62) ~[?:1.8.0_211]
	at sun.reflect.DelegatingMethodAccessorImpl.invoke(DelegatingMethodAccessorImpl.java:43) ~[?:1.8.0_211]
	at java.lang.reflect.Method.invoke(Method.java:498) ~[?:1.8.0_211]
	at org.spockframework.util.ReflectionUtil.invokeMethod(ReflectionUtil.java:200) [spock-core-1.2-groovy-2.5.jar:1.2]
	at org.spockframework.runtime.model.MethodInfo.invoke(MethodInfo.java:113) [spock-core-1.2-groovy-2.5.jar:1.2]
	at org.spockframework.runtime.BaseSpecRunner.invokeRaw(BaseSpecRunner.java:484) [spock-core-1.2-groovy-2.5.jar:1.2]
	at org.spockframework.runtime.BaseSpecRunner.invoke(BaseSpecRunner.java:467) [spock-core-1.2-groovy-2.5.jar:1.2]
	at org.spockframework.runtime.BaseSpecRunner.runFeatureMethod(BaseSpecRunner.java:408) [spock-core-1.2-groovy-2.5.jar:1.2]
	at org.spockframework.runtime.BaseSpecRunner.doRunIteration(BaseSpecRunner.java:322) [spock-core-1.2-groovy-2.5.jar:1.2]
	at org.spockframework.runtime.BaseSpecRunner$6.invoke(BaseSpecRunner.java:306) [spock-core-1.2-groovy-2.5.jar:1.2]
	at org.spockframework.runtime.BaseSpecRunner.invokeRaw(BaseSpecRunner.java:484) [spock-core-1.2-groovy-2.5.jar:1.2]
	at org.spockframework.runtime.BaseSpecRunner.invoke(BaseSpecRunner.java:467) [spock-core-1.2-groovy-2.5.jar:1.2]
	at org.spockframework.runtime.BaseSpecRunner.runIteration(BaseSpecRunner.java:285) [spock-core-1.2-groovy-2.5.jar:1.2]
	at org.spockframework.runtime.BaseSpecRunner.initializeAndRunIteration(BaseSpecRunner.java:275) [spock-core-1.2-groovy-2.5.jar:1.2]
	at org.spockframework.runtime.BaseSpecRunner.runSimpleFeature(BaseSpecRunner.java:266) [spock-core-1.2-groovy-2.5.jar:1.2]
	at org.spockframework.runtime.BaseSpecRunner.doRunFeature(BaseSpecRunner.java:260) [spock-core-1.2-groovy-2.5.jar:1.2]
	at org.spockframework.runtime.BaseSpecRunner$5.invoke(BaseSpecRunner.java:243) [spock-core-1.2-groovy-2.5.jar:1.2]
	at org.spockframework.runtime.BaseSpecRunner.invokeRaw(BaseSpecRunner.java:484) [spock-core-1.2-groovy-2.5.jar:1.2]
	at org.spockframework.runtime.BaseSpecRunner.invoke(BaseSpecRunner.java:467) [spock-core-1.2-groovy-2.5.jar:1.2]
	at org.spockframework.runtime.BaseSpecRunner.runFeature(BaseSpecRunner.java:235) [spock-core-1.2-groovy-2.5.jar:1.2]
	at org.spockframework.runtime.BaseSpecRunner.runFeatures(BaseSpecRunner.java:185) [spock-core-1.2-groovy-2.5.jar:1.2]
	at org.spockframework.runtime.BaseSpecRunner.doRunSpec(BaseSpecRunner.java:95) [spock-core-1.2-groovy-2.5.jar:1.2]
	at org.spockframework.runtime.BaseSpecRunner$1.invoke(BaseSpecRunner.java:81) [spock-core-1.2-groovy-2.5.jar:1.2]
	at org.spockframework.runtime.BaseSpecRunner.invokeRaw(BaseSpecRunner.java:484) [spock-core-1.2-groovy-2.5.jar:1.2]
	at org.spockframework.runtime.BaseSpecRunner.invoke(BaseSpecRunner.java:467) [spock-core-1.2-groovy-2.5.jar:1.2]
	at org.spockframework.runtime.BaseSpecRunner.runSpec(BaseSpecRunner.java:73) [spock-core-1.2-groovy-2.5.jar:1.2]
	at org.spockframework.runtime.BaseSpecRunner.run(BaseSpecRunner.java:64) [spock-core-1.2-groovy-2.5.jar:1.2]
	at org.spockframework.runtime.Sputnik.run(Sputnik.java:63) [spock-core-1.2-groovy-2.5.jar:1.2]
	at org.junit.runners.Suite.runChild(Suite.java:128) [junit-4.12.jar:4.12]
	at org.junit.runners.Suite.runChild(Suite.java:27) [junit-4.12.jar:4.12]
	at org.junit.runners.ParentRunner$3.run(ParentRunner.java:290) [junit-4.12.jar:4.12]
	at org.junit.runners.ParentRunner$1.schedule(ParentRunner.java:71) [junit-4.12.jar:4.12]
	at org.junit.runners.ParentRunner.runChildren(ParentRunner.java:288) [junit-4.12.jar:4.12]
	at org.junit.runners.ParentRunner.access$000(ParentRunner.java:58) [junit-4.12.jar:4.12]
	at org.junit.runners.ParentRunner$2.evaluate(ParentRunner.java:268) [junit-4.12.jar:4.12]
	at org.junit.runners.ParentRunner.run(ParentRunner.java:363) [junit-4.12.jar:4.12]
	at org.apache.maven.surefire.junitcore.JUnitCore.run(JUnitCore.java:55) [surefire-junit47-2.22.0.jar:2.22.0]
	at org.apache.maven.surefire.junitcore.JUnitCoreWrapper.createRequestAndRun(JUnitCoreWrapper.java:137) [surefire-junit47-2.22.0.jar:2.22.0]
	at org.apache.maven.surefire.junitcore.JUnitCoreWrapper.executeEager(JUnitCoreWrapper.java:107) [surefire-junit47-2.22.0.jar:2.22.0]
	at org.apache.maven.surefire.junitcore.JUnitCoreWrapper.execute(JUnitCoreWrapper.java:83) [surefire-junit47-2.22.0.jar:2.22.0]
	at org.apache.maven.surefire.junitcore.JUnitCoreWrapper.execute(JUnitCoreWrapper.java:75) [surefire-junit47-2.22.0.jar:2.22.0]
	at org.apache.maven.surefire.junitcore.JUnitCoreProvider.invoke(JUnitCoreProvider.java:158) [surefire-junit47-2.22.0.jar:2.22.0]
	at org.apache.maven.surefire.booter.ForkedBooter.invokeProviderInSameClassLoader(ForkedBooter.java:383) [surefire-booter-2.22.0.jar:2.22.0]
	at org.apache.maven.surefire.booter.ForkedBooter.runSuitesInProcess(ForkedBooter.java:344) [surefire-booter-2.22.0.jar:2.22.0]
	at org.apache.maven.surefire.booter.ForkedBooter.execute(ForkedBooter.java:125) [surefire-booter-2.22.0.jar:2.22.0]
	at org.apache.maven.surefire.booter.ForkedBooter.main(ForkedBooter.java:417) [surefire-booter-2.22.0.jar:2.22.0]
2019-06-08 19:47:38.538 [main] ERROR MultiUseDriverLifecycle - Failed to quit a browser in the pool.
2019-06-08 19:47:38.539 [main] DEBUG MultiUseDriverLifecycle - Failed to quit a browser in the pool.
org.codehaus.groovy.runtime.typehandling.GroovyCastException: Cannot cast object 'com.frameworkium.core.ui.driver.lifecycle.MultiUseDriverLifecycleSpec$__spock_feature_0_2_closure6@530a8454' with class 'com.frameworkium.core.ui.driver.lifecycle.MultiUseDriverLifecycleSpec$__spock_feature_0_2_closure6' to class 'void'
	at org.codehaus.groovy.runtime.typehandling.DefaultTypeTransformation.castToPrimitive(DefaultTypeTransformation.java:356) ~[groovy-2.5.5.jar:2.5.5]
	at org.codehaus.groovy.runtime.typehandling.DefaultTypeTransformation.castToType(DefaultTypeTransformation.java:239) ~[groovy-2.5.5.jar:2.5.5]
	at org.spockframework.runtime.GroovyRuntimeUtil.coerce(GroovyRuntimeUtil.java:46) ~[spock-core-1.2-groovy-2.5.jar:1.2]
	at org.spockframework.mock.response.IterableResponseGenerator.respond(IterableResponseGenerator.java:46) ~[spock-core-1.2-groovy-2.5.jar:1.2]
	at org.spockframework.mock.response.ResponseGeneratorChain.respond(ResponseGeneratorChain.java:44) ~[spock-core-1.2-groovy-2.5.jar:1.2]
	at org.spockframework.mock.runtime.MockInteraction.accept(MockInteraction.java:72) ~[spock-core-1.2-groovy-2.5.jar:1.2]
	at org.spockframework.mock.runtime.MockInteractionDecorator.accept(MockInteractionDecorator.java:50) ~[spock-core-1.2-groovy-2.5.jar:1.2]
	at org.spockframework.mock.runtime.InteractionScope$1.accept(InteractionScope.java:51) ~[spock-core-1.2-groovy-2.5.jar:1.2]
	at org.spockframework.mock.runtime.MockController.handle(MockController.java:40) ~[spock-core-1.2-groovy-2.5.jar:1.2]
	at org.spockframework.mock.runtime.JavaMockInterceptor.intercept(JavaMockInterceptor.java:72) ~[spock-core-1.2-groovy-2.5.jar:1.2]
	at org.spockframework.mock.runtime.ByteBuddyInterceptorAdapter.interceptNonAbstract(ByteBuddyInterceptorAdapter.java:35) ~[spock-core-1.2-groovy-2.5.jar:1.2]
	at org.openqa.selenium.support.events.EventFiringWebDriver$SpockMock$1025815608.quit(Unknown Source) ~[?:?]
	at com.frameworkium.core.ui.driver.lifecycle.MultiUseDriverLifecycle.lambda$2(MultiUseDriverLifecycle.java:98) ~[classes/:?]
	at java.util.stream.ForEachOps$ForEachOp$OfRef.accept(ForEachOps.java:184) [?:1.8.0_211]
	at java.util.concurrent.LinkedBlockingDeque$LBDSpliterator.forEachRemaining(LinkedBlockingDeque.java:1225) [?:1.8.0_211]
	at java.util.stream.AbstractPipeline.copyInto(AbstractPipeline.java:481) [?:1.8.0_211]
	at java.util.stream.ForEachOps$ForEachTask.compute(ForEachOps.java:291) [?:1.8.0_211]
	at java.util.concurrent.CountedCompleter.exec(CountedCompleter.java:731) [?:1.8.0_211]
	at java.util.concurrent.ForkJoinTask.doExec(ForkJoinTask.java:289) [?:1.8.0_211]
	at java.util.concurrent.ForkJoinTask.doInvoke(ForkJoinTask.java:401) [?:1.8.0_211]
	at java.util.concurrent.ForkJoinTask.invoke(ForkJoinTask.java:734) [?:1.8.0_211]
	at java.util.stream.ForEachOps$ForEachOp.evaluateParallel(ForEachOps.java:160) [?:1.8.0_211]
	at java.util.stream.ForEachOps$ForEachOp$OfRef.evaluateParallel(ForEachOps.java:174) [?:1.8.0_211]
	at java.util.stream.AbstractPipeline.evaluate(AbstractPipeline.java:233) [?:1.8.0_211]
	at java.util.stream.ReferencePipeline.forEach(ReferencePipeline.java:418) [?:1.8.0_211]
	at java.util.stream.ReferencePipeline$Head.forEach(ReferencePipeline.java:583) [?:1.8.0_211]
	at com.frameworkium.core.ui.driver.lifecycle.MultiUseDriverLifecycle.tearDownDriverPool(MultiUseDriverLifecycle.java:96) [classes/:?]
	at com.frameworkium.core.ui.driver.lifecycle.DriverLifecycle$tearDownDriverPool$0.call(Unknown Source) [classes/:?]
	at org.codehaus.groovy.runtime.callsite.CallSiteArray.defaultCall(CallSiteArray.java:47) [groovy-2.5.5.jar:2.5.5]
	at org.codehaus.groovy.runtime.callsite.AbstractCallSite.call(AbstractCallSite.java:115) [groovy-2.5.5.jar:2.5.5]
	at org.codehaus.groovy.runtime.callsite.AbstractCallSite.call(AbstractCallSite.java:119) [groovy-2.5.5.jar:2.5.5]
	at com.frameworkium.core.ui.driver.lifecycle.MultiUseDriverLifecycleSpec.$spock_feature_0_2(MultiUseDriverLifecycleSpec.groovy:56) [test-classes/:?]
	at sun.reflect.NativeMethodAccessorImpl.invoke0(Native Method) ~[?:1.8.0_211]
	at sun.reflect.NativeMethodAccessorImpl.invoke(NativeMethodAccessorImpl.java:62) ~[?:1.8.0_211]
	at sun.reflect.DelegatingMethodAccessorImpl.invoke(DelegatingMethodAccessorImpl.java:43) ~[?:1.8.0_211]
	at java.lang.reflect.Method.invoke(Method.java:498) ~[?:1.8.0_211]
	at org.spockframework.util.ReflectionUtil.invokeMethod(ReflectionUtil.java:200) [spock-core-1.2-groovy-2.5.jar:1.2]
	at org.spockframework.runtime.model.MethodInfo.invoke(MethodInfo.java:113) [spock-core-1.2-groovy-2.5.jar:1.2]
	at org.spockframework.runtime.BaseSpecRunner.invokeRaw(BaseSpecRunner.java:484) [spock-core-1.2-groovy-2.5.jar:1.2]
	at org.spockframework.runtime.BaseSpecRunner.invoke(BaseSpecRunner.java:467) [spock-core-1.2-groovy-2.5.jar:1.2]
	at org.spockframework.runtime.BaseSpecRunner.runFeatureMethod(BaseSpecRunner.java:408) [spock-core-1.2-groovy-2.5.jar:1.2]
	at org.spockframework.runtime.BaseSpecRunner.doRunIteration(BaseSpecRunner.java:322) [spock-core-1.2-groovy-2.5.jar:1.2]
	at org.spockframework.runtime.BaseSpecRunner$6.invoke(BaseSpecRunner.java:306) [spock-core-1.2-groovy-2.5.jar:1.2]
	at org.spockframework.runtime.BaseSpecRunner.invokeRaw(BaseSpecRunner.java:484) [spock-core-1.2-groovy-2.5.jar:1.2]
	at org.spockframework.runtime.BaseSpecRunner.invoke(BaseSpecRunner.java:467) [spock-core-1.2-groovy-2.5.jar:1.2]
	at org.spockframework.runtime.BaseSpecRunner.runIteration(BaseSpecRunner.java:285) [spock-core-1.2-groovy-2.5.jar:1.2]
	at org.spockframework.runtime.BaseSpecRunner.initializeAndRunIteration(BaseSpecRunner.java:275) [spock-core-1.2-groovy-2.5.jar:1.2]
	at org.spockframework.runtime.BaseSpecRunner.runSimpleFeature(BaseSpecRunner.java:266) [spock-core-1.2-groovy-2.5.jar:1.2]
	at org.spockframework.runtime.BaseSpecRunner.doRunFeature(BaseSpecRunner.java:260) [spock-core-1.2-groovy-2.5.jar:1.2]
	at org.spockframework.runtime.BaseSpecRunner$5.invoke(BaseSpecRunner.java:243) [spock-core-1.2-groovy-2.5.jar:1.2]
	at org.spockframework.runtime.BaseSpecRunner.invokeRaw(BaseSpecRunner.java:484) [spock-core-1.2-groovy-2.5.jar:1.2]
	at org.spockframework.runtime.BaseSpecRunner.invoke(BaseSpecRunner.java:467) [spock-core-1.2-groovy-2.5.jar:1.2]
	at org.spockframework.runtime.BaseSpecRunner.runFeature(BaseSpecRunner.java:235) [spock-core-1.2-groovy-2.5.jar:1.2]
	at org.spockframework.runtime.BaseSpecRunner.runFeatures(BaseSpecRunner.java:185) [spock-core-1.2-groovy-2.5.jar:1.2]
	at org.spockframework.runtime.BaseSpecRunner.doRunSpec(BaseSpecRunner.java:95) [spock-core-1.2-groovy-2.5.jar:1.2]
	at org.spockframework.runtime.BaseSpecRunner$1.invoke(BaseSpecRunner.java:81) [spock-core-1.2-groovy-2.5.jar:1.2]
	at org.spockframework.runtime.BaseSpecRunner.invokeRaw(BaseSpecRunner.java:484) [spock-core-1.2-groovy-2.5.jar:1.2]
	at org.spockframework.runtime.BaseSpecRunner.invoke(BaseSpecRunner.java:467) [spock-core-1.2-groovy-2.5.jar:1.2]
	at org.spockframework.runtime.BaseSpecRunner.runSpec(BaseSpecRunner.java:73) [spock-core-1.2-groovy-2.5.jar:1.2]
	at org.spockframework.runtime.BaseSpecRunner.run(BaseSpecRunner.java:64) [spock-core-1.2-groovy-2.5.jar:1.2]
	at org.spockframework.runtime.Sputnik.run(Sputnik.java:63) [spock-core-1.2-groovy-2.5.jar:1.2]
	at org.junit.runners.Suite.runChild(Suite.java:128) [junit-4.12.jar:4.12]
	at org.junit.runners.Suite.runChild(Suite.java:27) [junit-4.12.jar:4.12]
	at org.junit.runners.ParentRunner$3.run(ParentRunner.java:290) [junit-4.12.jar:4.12]
	at org.junit.runners.ParentRunner$1.schedule(ParentRunner.java:71) [junit-4.12.jar:4.12]
	at org.junit.runners.ParentRunner.runChildren(ParentRunner.java:288) [junit-4.12.jar:4.12]
	at org.junit.runners.ParentRunner.access$000(ParentRunner.java:58) [junit-4.12.jar:4.12]
	at org.junit.runners.ParentRunner$2.evaluate(ParentRunner.java:268) [junit-4.12.jar:4.12]
	at org.junit.runners.ParentRunner.run(ParentRunner.java:363) [junit-4.12.jar:4.12]
	at org.apache.maven.surefire.junitcore.JUnitCore.run(JUnitCore.java:55) [surefire-junit47-2.22.0.jar:2.22.0]
	at org.apache.maven.surefire.junitcore.JUnitCoreWrapper.createRequestAndRun(JUnitCoreWrapper.java:137) [surefire-junit47-2.22.0.jar:2.22.0]
	at org.apache.maven.surefire.junitcore.JUnitCoreWrapper.executeEager(JUnitCoreWrapper.java:107) [surefire-junit47-2.22.0.jar:2.22.0]
	at org.apache.maven.surefire.junitcore.JUnitCoreWrapper.execute(JUnitCoreWrapper.java:83) [surefire-junit47-2.22.0.jar:2.22.0]
	at org.apache.maven.surefire.junitcore.JUnitCoreWrapper.execute(JUnitCoreWrapper.java:75) [surefire-junit47-2.22.0.jar:2.22.0]
	at org.apache.maven.surefire.junitcore.JUnitCoreProvider.invoke(JUnitCoreProvider.java:158) [surefire-junit47-2.22.0.jar:2.22.0]
	at org.apache.maven.surefire.booter.ForkedBooter.invokeProviderInSameClassLoader(ForkedBooter.java:383) [surefire-booter-2.22.0.jar:2.22.0]
	at org.apache.maven.surefire.booter.ForkedBooter.runSuitesInProcess(ForkedBooter.java:344) [surefire-booter-2.22.0.jar:2.22.0]
	at org.apache.maven.surefire.booter.ForkedBooter.execute(ForkedBooter.java:125) [surefire-booter-2.22.0.jar:2.22.0]
	at org.apache.maven.surefire.booter.ForkedBooter.main(ForkedBooter.java:417) [surefire-booter-2.22.0.jar:2.22.0]
2019-06-08 19:47:38.649 [main] ERROR SingleUseDriverLifecycle - Failed to quit browser.
2019-06-08 19:47:38.651 [main] DEBUG SingleUseDriverLifecycle - Failed to quit browser
java.lang.Exception: 
	at sun.reflect.NativeConstructorAccessorImpl.newInstance0(Native Method) ~[?:1.8.0_211]
	at sun.reflect.NativeConstructorAccessorImpl.newInstance(NativeConstructorAccessorImpl.java:62) ~[?:1.8.0_211]
	at sun.reflect.DelegatingConstructorAccessorImpl.newInstance(DelegatingConstructorAccessorImpl.java:45) ~[?:1.8.0_211]
	at java.lang.reflect.Constructor.newInstance(Constructor.java:423) ~[?:1.8.0_211]
	at org.codehaus.groovy.reflection.CachedConstructor.invoke(CachedConstructor.java:83) ~[groovy-2.5.5.jar:2.5.5]
	at org.codehaus.groovy.runtime.callsite.ConstructorSite$ConstructorSiteNoUnwrapNoCoerce.callConstructor(ConstructorSite.java:105) ~[groovy-2.5.5.jar:2.5.5]
	at org.codehaus.groovy.runtime.callsite.CallSiteArray.defaultCallConstructor(CallSiteArray.java:59) ~[groovy-2.5.5.jar:2.5.5]
	at org.codehaus.groovy.runtime.callsite.AbstractCallSite.callConstructor(AbstractCallSite.java:237) ~[groovy-2.5.5.jar:2.5.5]
	at org.codehaus.groovy.runtime.callsite.AbstractCallSite.callConstructor(AbstractCallSite.java:249) ~[groovy-2.5.5.jar:2.5.5]
	at com.frameworkium.core.ui.driver.lifecycle.SingleUseDriverLifecycleSpec$__spock_feature_0_2_closure4.doCall(SingleUseDriverLifecycleSpec.groovy:51) ~[test-classes/:?]
	at sun.reflect.NativeMethodAccessorImpl.invoke0(Native Method) ~[?:1.8.0_211]
	at sun.reflect.NativeMethodAccessorImpl.invoke(NativeMethodAccessorImpl.java:62) ~[?:1.8.0_211]
	at sun.reflect.DelegatingMethodAccessorImpl.invoke(DelegatingMethodAccessorImpl.java:43) ~[?:1.8.0_211]
	at java.lang.reflect.Method.invoke(Method.java:498) ~[?:1.8.0_211]
	at org.codehaus.groovy.reflection.CachedMethod.invoke(CachedMethod.java:104) ~[groovy-2.5.5.jar:2.5.5]
	at groovy.lang.MetaMethod.doMethodInvoke(MetaMethod.java:326) ~[groovy-2.5.5.jar:2.5.5]
	at org.codehaus.groovy.runtime.metaclass.ClosureMetaClass.invokeMethod(ClosureMetaClass.java:264) ~[groovy-2.5.5.jar:2.5.5]
	at groovy.lang.MetaClassImpl.invokeMethod(MetaClassImpl.java:1041) ~[groovy-2.5.5.jar:2.5.5]
	at groovy.lang.Closure.call(Closure.java:411) ~[groovy-2.5.5.jar:2.5.5]
	at org.spockframework.runtime.GroovyRuntimeUtil.invokeClosure(GroovyRuntimeUtil.java:201) ~[spock-core-1.2-groovy-2.5.jar:1.2]
	at org.spockframework.mock.response.CodeResponseGenerator.invokeClosure(CodeResponseGenerator.java:54) ~[spock-core-1.2-groovy-2.5.jar:1.2]
	at org.spockframework.mock.response.CodeResponseGenerator.doRespond(CodeResponseGenerator.java:37) ~[spock-core-1.2-groovy-2.5.jar:1.2]
	at org.spockframework.mock.response.SingleResponseGenerator.respond(SingleResponseGenerator.java:32) ~[spock-core-1.2-groovy-2.5.jar:1.2]
	at org.spockframework.mock.response.ResponseGeneratorChain.respond(ResponseGeneratorChain.java:44) ~[spock-core-1.2-groovy-2.5.jar:1.2]
	at org.spockframework.mock.runtime.MockInteraction.accept(MockInteraction.java:72) ~[spock-core-1.2-groovy-2.5.jar:1.2]
	at org.spockframework.mock.runtime.MockInteractionDecorator.accept(MockInteractionDecorator.java:50) ~[spock-core-1.2-groovy-2.5.jar:1.2]
	at org.spockframework.mock.runtime.InteractionScope$1.accept(InteractionScope.java:51) ~[spock-core-1.2-groovy-2.5.jar:1.2]
	at org.spockframework.mock.runtime.MockController.handle(MockController.java:40) ~[spock-core-1.2-groovy-2.5.jar:1.2]
	at org.spockframework.mock.runtime.JavaMockInterceptor.intercept(JavaMockInterceptor.java:72) ~[spock-core-1.2-groovy-2.5.jar:1.2]
	at org.spockframework.mock.runtime.ByteBuddyInterceptorAdapter.interceptNonAbstract(ByteBuddyInterceptorAdapter.java:35) ~[spock-core-1.2-groovy-2.5.jar:1.2]
	at org.openqa.selenium.support.events.EventFiringWebDriver$SpockMock$1025815608.quit(Unknown Source) ~[?:?]
	at com.frameworkium.core.ui.driver.lifecycle.SingleUseDriverLifecycle.tearDownDriver(SingleUseDriverLifecycle.java:45) [classes/:?]
	at com.frameworkium.core.ui.driver.lifecycle.DriverLifecycle$tearDownDriver.call(Unknown Source) [classes/:?]
	at org.codehaus.groovy.runtime.callsite.CallSiteArray.defaultCall(CallSiteArray.java:47) [groovy-2.5.5.jar:2.5.5]
	at org.codehaus.groovy.runtime.callsite.AbstractCallSite.call(AbstractCallSite.java:115) [groovy-2.5.5.jar:2.5.5]
	at org.codehaus.groovy.runtime.callsite.AbstractCallSite.call(AbstractCallSite.java:119) [groovy-2.5.5.jar:2.5.5]
	at com.frameworkium.core.ui.driver.lifecycle.SingleUseDriverLifecycleSpec.$spock_feature_0_2(SingleUseDriverLifecycleSpec.groovy:49) [test-classes/:?]
	at sun.reflect.NativeMethodAccessorImpl.invoke0(Native Method) ~[?:1.8.0_211]
	at sun.reflect.NativeMethodAccessorImpl.invoke(NativeMethodAccessorImpl.java:62) ~[?:1.8.0_211]
	at sun.reflect.DelegatingMethodAccessorImpl.invoke(DelegatingMethodAccessorImpl.java:43) ~[?:1.8.0_211]
	at java.lang.reflect.Method.invoke(Method.java:498) ~[?:1.8.0_211]
	at org.spockframework.util.ReflectionUtil.invokeMethod(ReflectionUtil.java:200) [spock-core-1.2-groovy-2.5.jar:1.2]
	at org.spockframework.runtime.model.MethodInfo.invoke(MethodInfo.java:113) [spock-core-1.2-groovy-2.5.jar:1.2]
	at org.spockframework.runtime.BaseSpecRunner.invokeRaw(BaseSpecRunner.java:484) [spock-core-1.2-groovy-2.5.jar:1.2]
	at org.spockframework.runtime.BaseSpecRunner.invoke(BaseSpecRunner.java:467) [spock-core-1.2-groovy-2.5.jar:1.2]
	at org.spockframework.runtime.BaseSpecRunner.runFeatureMethod(BaseSpecRunner.java:408) [spock-core-1.2-groovy-2.5.jar:1.2]
	at org.spockframework.runtime.BaseSpecRunner.doRunIteration(BaseSpecRunner.java:322) [spock-core-1.2-groovy-2.5.jar:1.2]
	at org.spockframework.runtime.BaseSpecRunner$6.invoke(BaseSpecRunner.java:306) [spock-core-1.2-groovy-2.5.jar:1.2]
	at org.spockframework.runtime.BaseSpecRunner.invokeRaw(BaseSpecRunner.java:484) [spock-core-1.2-groovy-2.5.jar:1.2]
	at org.spockframework.runtime.BaseSpecRunner.invoke(BaseSpecRunner.java:467) [spock-core-1.2-groovy-2.5.jar:1.2]
	at org.spockframework.runtime.BaseSpecRunner.runIteration(BaseSpecRunner.java:285) [spock-core-1.2-groovy-2.5.jar:1.2]
	at org.spockframework.runtime.BaseSpecRunner.initializeAndRunIteration(BaseSpecRunner.java:275) [spock-core-1.2-groovy-2.5.jar:1.2]
	at org.spockframework.runtime.BaseSpecRunner.runSimpleFeature(BaseSpecRunner.java:266) [spock-core-1.2-groovy-2.5.jar:1.2]
	at org.spockframework.runtime.BaseSpecRunner.doRunFeature(BaseSpecRunner.java:260) [spock-core-1.2-groovy-2.5.jar:1.2]
	at org.spockframework.runtime.BaseSpecRunner$5.invoke(BaseSpecRunner.java:243) [spock-core-1.2-groovy-2.5.jar:1.2]
	at org.spockframework.runtime.BaseSpecRunner.invokeRaw(BaseSpecRunner.java:484) [spock-core-1.2-groovy-2.5.jar:1.2]
	at org.spockframework.runtime.BaseSpecRunner.invoke(BaseSpecRunner.java:467) [spock-core-1.2-groovy-2.5.jar:1.2]
	at org.spockframework.runtime.BaseSpecRunner.runFeature(BaseSpecRunner.java:235) [spock-core-1.2-groovy-2.5.jar:1.2]
	at org.spockframework.runtime.BaseSpecRunner.runFeatures(BaseSpecRunner.java:185) [spock-core-1.2-groovy-2.5.jar:1.2]
	at org.spockframework.runtime.BaseSpecRunner.doRunSpec(BaseSpecRunner.java:95) [spock-core-1.2-groovy-2.5.jar:1.2]
	at org.spockframework.runtime.BaseSpecRunner$1.invoke(BaseSpecRunner.java:81) [spock-core-1.2-groovy-2.5.jar:1.2]
	at org.spockframework.runtime.BaseSpecRunner.invokeRaw(BaseSpecRunner.java:484) [spock-core-1.2-groovy-2.5.jar:1.2]
	at org.spockframework.runtime.BaseSpecRunner.invoke(BaseSpecRunner.java:467) [spock-core-1.2-groovy-2.5.jar:1.2]
	at org.spockframework.runtime.BaseSpecRunner.runSpec(BaseSpecRunner.java:73) [spock-core-1.2-groovy-2.5.jar:1.2]
	at org.spockframework.runtime.BaseSpecRunner.run(BaseSpecRunner.java:64) [spock-core-1.2-groovy-2.5.jar:1.2]
	at org.spockframework.runtime.Sputnik.run(Sputnik.java:63) [spock-core-1.2-groovy-2.5.jar:1.2]
	at org.junit.runners.Suite.runChild(Suite.java:128) [junit-4.12.jar:4.12]
	at org.junit.runners.Suite.runChild(Suite.java:27) [junit-4.12.jar:4.12]
	at org.junit.runners.ParentRunner$3.run(ParentRunner.java:290) [junit-4.12.jar:4.12]
	at org.junit.runners.ParentRunner$1.schedule(ParentRunner.java:71) [junit-4.12.jar:4.12]
	at org.junit.runners.ParentRunner.runChildren(ParentRunner.java:288) [junit-4.12.jar:4.12]
	at org.junit.runners.ParentRunner.access$000(ParentRunner.java:58) [junit-4.12.jar:4.12]
	at org.junit.runners.ParentRunner$2.evaluate(ParentRunner.java:268) [junit-4.12.jar:4.12]
	at org.junit.runners.ParentRunner.run(ParentRunner.java:363) [junit-4.12.jar:4.12]
	at org.apache.maven.surefire.junitcore.JUnitCore.run(JUnitCore.java:55) [surefire-junit47-2.22.0.jar:2.22.0]
	at org.apache.maven.surefire.junitcore.JUnitCoreWrapper.createRequestAndRun(JUnitCoreWrapper.java:137) [surefire-junit47-2.22.0.jar:2.22.0]
	at org.apache.maven.surefire.junitcore.JUnitCoreWrapper.executeEager(JUnitCoreWrapper.java:107) [surefire-junit47-2.22.0.jar:2.22.0]
	at org.apache.maven.surefire.junitcore.JUnitCoreWrapper.execute(JUnitCoreWrapper.java:83) [surefire-junit47-2.22.0.jar:2.22.0]
	at org.apache.maven.surefire.junitcore.JUnitCoreWrapper.execute(JUnitCoreWrapper.java:75) [surefire-junit47-2.22.0.jar:2.22.0]
	at org.apache.maven.surefire.junitcore.JUnitCoreProvider.invoke(JUnitCoreProvider.java:158) [surefire-junit47-2.22.0.jar:2.22.0]
	at org.apache.maven.surefire.booter.ForkedBooter.invokeProviderInSameClassLoader(ForkedBooter.java:383) [surefire-booter-2.22.0.jar:2.22.0]
	at org.apache.maven.surefire.booter.ForkedBooter.runSuitesInProcess(ForkedBooter.java:344) [surefire-booter-2.22.0.jar:2.22.0]
	at org.apache.maven.surefire.booter.ForkedBooter.execute(ForkedBooter.java:125) [surefire-booter-2.22.0.jar:2.22.0]
	at org.apache.maven.surefire.booter.ForkedBooter.main(ForkedBooter.java:417) [surefire-booter-2.22.0.jar:2.22.0]
2019-06-08 19:47:39.579 [main] INFO  ScreenshotListener - Written screenshot to screenshots\1560003459253_testName.png
2019-06-08 19:47:40.517 [main] DEBUG SeleniumProxyFactory - Using system proxy
2019-06-08 19:47:40.524 [main] DEBUG SeleniumProxyFactory - Using autodetect proxy
2019-06-08 19:47:40.526 [main] DEBUG SeleniumProxyFactory - Using direct i.e. (no) proxy
2019-06-08 19:47:40.532 [main] DEBUG SeleniumProxyFactory - All protocols to use proxy address: host:1234
2019-06-08 19:47:40.536 [main] DEBUG SeleniumProxyFactory - All protocols to use proxy address: host:123
2019-06-08 19:47:40.538 [main] DEBUG SeleniumProxyFactory - All protocols to use proxy address: host:123
2019-06-08 19:47:40.564 [main] FATAL SeleniumProxyFactory - Invalid proxy specified, acceptable values are: system, autodetect, direct or http://{hostname}:{port}.
2019-06-08 19:47:40.566 [main] FATAL SeleniumProxyFactory - Invalid proxy specified, acceptable values are: system, autodetect, direct or http://{hostname}:{port}.
2019-06-08 19:47:40.574 [main] FATAL SeleniumProxyFactory - Invalid proxy specified, acceptable values are: system, autodetect, direct or http://{hostname}:{port}.
2019-06-08 19:47:40.672 [main] FATAL SeleniumProxyFactory - Invalid proxy specified, acceptable values are: system, autodetect, direct or http://{hostname}:{port}.
2019-06-08 19:47:40.985 [main] INFO  VideoCapture - Captured video: test1-session1.ext
2019-06-08 19:47:41.046 [main] ERROR VideoCapture - Failed fetching URL http://foo/bar/session2.ext.
